{"C:/Users/Kenny Miller/Documents/Temple/Capstone/DanglingPointers_Container/DanglingPointers/application/frontend/src/App.jsx": {"path":"C:/Users/Kenny Miller/Documents/Temple/Capstone/DanglingPointers_Container/DanglingPointers/application/frontend/src/App.jsx","statementMap":{"0":{"start":{"line":19,"column":25},"end":{"line":19,"column":null}},"1":{"start":{"line":20,"column":34},"end":{"line":20,"column":null}},"2":{"start":{"line":21,"column":19},"end":{"line":21,"column":null}},"3":{"start":{"line":23,"column":2},"end":{"line":35,"column":null}},"4":{"start":{"line":24,"column":27},"end":{"line":32,"column":null}},"5":{"start":{"line":25,"column":6},"end":{"line":31,"column":null}},"6":{"start":{"line":26,"column":30},"end":{"line":26,"column":null}},"7":{"start":{"line":27,"column":22},"end":{"line":27,"column":null}},"8":{"start":{"line":28,"column":8},"end":{"line":28,"column":null}},"9":{"start":{"line":30,"column":8},"end":{"line":30,"column":null}},"10":{"start":{"line":34,"column":4},"end":{"line":34,"column":null}},"11":{"start":{"line":37,"column":2},"end":{"line":78,"column":null}},"12":{"start":{"line":61,"column":14},"end":{"line":72,"column":null}}},"fnMap":{"0":{"name":"App","decl":{"start":{"line":18,"column":24},"end":{"line":18,"column":30}},"loc":{"start":{"line":18,"column":30},"end":{"line":80,"column":null}}},"1":{"name":"(anonymous_1)","decl":{"start":{"line":23,"column":12},"end":{"line":23,"column":18}},"loc":{"start":{"line":23,"column":18},"end":{"line":35,"column":5}}},"2":{"name":"(anonymous_2)","decl":{"start":{"line":24,"column":27},"end":{"line":24,"column":39}},"loc":{"start":{"line":24,"column":39},"end":{"line":32,"column":null}}},"3":{"name":"(anonymous_3)","decl":{"start":{"line":60,"column":41},"end":{"line":60,"column":42}},"loc":{"start":{"line":61,"column":14},"end":{"line":72,"column":null}}}},"branchMap":{"0":{"loc":{"start":{"line":47,"column":19},"end":{"line":47,"column":null}},"type":"cond-expr","locations":[{"start":{"line":47,"column":32},"end":{"line":47,"column":48}},{"start":{"line":47,"column":48},"end":{"line":47,"column":null}}]},"1":{"loc":{"start":{"line":59,"column":9},"end":{"line":74,"column":null}},"type":"cond-expr","locations":[{"start":{"line":60,"column":12},"end":{"line":73,"column":null}},{"start":{"line":74,"column":12},"end":{"line":74,"column":null}}]}},"s":{"0":0,"1":0,"2":0,"3":0,"4":0,"5":0,"6":0,"7":0,"8":0,"9":0,"10":0,"11":0,"12":0},"f":{"0":0,"1":0,"2":0,"3":0},"b":{"0":[0,0],"1":[0,0]}}
,"C:/Users/Kenny Miller/Documents/Temple/Capstone/DanglingPointers_Container/DanglingPointers/application/frontend/src/main.jsx": {"path":"C:/Users/Kenny Miller/Documents/Temple/Capstone/DanglingPointers_Container/DanglingPointers/application/frontend/src/main.jsx","statementMap":{"0":{"start":{"line":7,"column":0},"end":{"line":13,"column":null}}},"fnMap":{},"branchMap":{},"s":{"0":0},"f":{},"b":{}}
,"C:/Users/Kenny Miller/Documents/Temple/Capstone/DanglingPointers_Container/DanglingPointers/application/frontend/src/auth/AuthContext.jsx": {"path":"C:/Users/Kenny Miller/Documents/Temple/Capstone/DanglingPointers_Container/DanglingPointers/application/frontend/src/auth/AuthContext.jsx","statementMap":{"0":{"start":{"line":4,"column":20},"end":{"line":4,"column":null}},"1":{"start":{"line":6,"column":28},"end":{"line":23,"column":null}},"2":{"start":{"line":7,"column":20},"end":{"line":7,"column":null}},"3":{"start":{"line":8,"column":36},"end":{"line":8,"column":null}},"4":{"start":{"line":9,"column":60},"end":{"line":9,"column":null}},"5":{"start":{"line":10,"column":2},"end":{"line":21,"column":null}}},"fnMap":{"0":{"name":"(anonymous_0)","decl":{"start":{"line":6,"column":28},"end":{"line":6,"column":29}},"loc":{"start":{"line":6,"column":46},"end":{"line":23,"column":null}}}},"branchMap":{},"s":{"0":0,"1":0,"2":0,"3":0,"4":0,"5":0},"f":{"0":0},"b":{}}
,"C:/Users/Kenny Miller/Documents/Temple/Capstone/DanglingPointers_Container/DanglingPointers/application/frontend/src/components/Button.jsx": {"path":"C:/Users/Kenny Miller/Documents/Temple/Capstone/DanglingPointers_Container/DanglingPointers/application/frontend/src/components/Button.jsx","statementMap":{"0":{"start":{"line":1,"column":15},"end":{"line":11,"column":null}},"1":{"start":{"line":2,"column":4},"end":{"line":9,"column":null}}},"fnMap":{"0":{"name":"(anonymous_0)","decl":{"start":{"line":1,"column":15},"end":{"line":1,"column":16}},"loc":{"start":{"line":1,"column":44},"end":{"line":11,"column":null}}}},"branchMap":{"0":{"loc":{"start":{"line":2,"column":11},"end":{"line":9,"column":null}},"type":"cond-expr","locations":[{"start":{"line":3,"column":8},"end":{"line":5,"column":null}},{"start":{"line":7,"column":8},"end":{"line":9,"column":null}}]}},"s":{"0":0,"1":0},"f":{"0":0},"b":{"0":[0,0]}}
,"C:/Users/Kenny Miller/Documents/Temple/Capstone/DanglingPointers_Container/DanglingPointers/application/frontend/src/components/Login.jsx": {"path":"C:/Users/Kenny Miller/Documents/Temple/Capstone/DanglingPointers_Container/DanglingPointers/application/frontend/src/components/Login.jsx","statementMap":{"0":{"start":{"line":6,"column":20},"end":{"line":6,"column":null}},"1":{"start":{"line":7,"column":34},"end":{"line":7,"column":null}},"2":{"start":{"line":8,"column":34},"end":{"line":8,"column":null}},"3":{"start":{"line":9,"column":19},"end":{"line":9,"column":null}},"4":{"start":{"line":11,"column":23},"end":{"line":28,"column":null}},"5":{"start":{"line":12,"column":4},"end":{"line":12,"column":null}},"6":{"start":{"line":14,"column":4},"end":{"line":14,"column":null}},"7":{"start":{"line":14,"column":32},"end":{"line":14,"column":null}},"8":{"start":{"line":16,"column":21},"end":{"line":19,"column":null}},"9":{"start":{"line":21,"column":4},"end":{"line":27,"column":null}},"10":{"start":{"line":22,"column":6},"end":{"line":22,"column":null}},"11":{"start":{"line":24,"column":6},"end":{"line":24,"column":null}},"12":{"start":{"line":26,"column":6},"end":{"line":26,"column":null}},"13":{"start":{"line":30,"column":2},"end":{"line":47,"column":null}},"14":{"start":{"line":37,"column":27},"end":{"line":37,"column":null}},"15":{"start":{"line":43,"column":27},"end":{"line":43,"column":null}}},"fnMap":{"0":{"name":"Login","decl":{"start":{"line":5,"column":9},"end":{"line":5,"column":17}},"loc":{"start":{"line":5,"column":17},"end":{"line":49,"column":null}}},"1":{"name":"(anonymous_1)","decl":{"start":{"line":11,"column":23},"end":{"line":11,"column":30}},"loc":{"start":{"line":11,"column":36},"end":{"line":28,"column":null}}},"2":{"name":"(anonymous_2)","decl":{"start":{"line":37,"column":20},"end":{"line":37,"column":21}},"loc":{"start":{"line":37,"column":27},"end":{"line":37,"column":null}}},"3":{"name":"(anonymous_3)","decl":{"start":{"line":43,"column":20},"end":{"line":43,"column":21}},"loc":{"start":{"line":43,"column":27},"end":{"line":43,"column":null}}}},"branchMap":{"0":{"loc":{"start":{"line":14,"column":4},"end":{"line":14,"column":null}},"type":"if","locations":[{"start":{"line":14,"column":4},"end":{"line":14,"column":null}},{"start":{},"end":{}}]},"1":{"loc":{"start":{"line":14,"column":8},"end":{"line":14,"column":32}},"type":"binary-expr","locations":[{"start":{"line":14,"column":8},"end":{"line":14,"column":21}},{"start":{"line":14,"column":21},"end":{"line":14,"column":32}}]}},"s":{"0":0,"1":0,"2":0,"3":0,"4":0,"5":0,"6":0,"7":0,"8":0,"9":0,"10":0,"11":0,"12":0,"13":0,"14":0,"15":0},"f":{"0":0,"1":0,"2":0,"3":0},"b":{"0":[0,0],"1":[0,0]}}
,"C:/Users/Kenny Miller/Documents/Temple/Capstone/DanglingPointers_Container/DanglingPointers/application/frontend/src/components/Message.jsx": {"path":"C:/Users/Kenny Miller/Documents/Temple/Capstone/DanglingPointers_Container/DanglingPointers/application/frontend/src/components/Message.jsx","statementMap":{"0":{"start":{"line":1,"column":16},"end":{"line":8,"column":null}},"1":{"start":{"line":2,"column":4},"end":{"line":6,"column":null}}},"fnMap":{"0":{"name":"(anonymous_0)","decl":{"start":{"line":1,"column":16},"end":{"line":1,"column":17}},"loc":{"start":{"line":1,"column":51},"end":{"line":8,"column":null}}}},"branchMap":{"0":{"loc":{"start":{"line":3,"column":43},"end":{"line":3,"column":76}},"type":"cond-expr","locations":[{"start":{"line":3,"column":54},"end":{"line":3,"column":65}},{"start":{"line":3,"column":65},"end":{"line":3,"column":76}}]}},"s":{"0":0,"1":0},"f":{"0":0},"b":{"0":[0,0]}}
,"C:/Users/Kenny Miller/Documents/Temple/Capstone/DanglingPointers_Container/DanglingPointers/application/frontend/src/components/MessageThread.jsx": {"path":"C:/Users/Kenny Miller/Documents/Temple/Capstone/DanglingPointers_Container/DanglingPointers/application/frontend/src/components/MessageThread.jsx","statementMap":{"0":{"start":{"line":3,"column":22},"end":{"line":16,"column":null}},"1":{"start":{"line":4,"column":2},"end":{"line":14,"column":null}},"2":{"start":{"line":7,"column":8},"end":{"line":12,"column":null}}},"fnMap":{"0":{"name":"(anonymous_0)","decl":{"start":{"line":3,"column":22},"end":{"line":3,"column":23}},"loc":{"start":{"line":3,"column":53},"end":{"line":16,"column":null}}},"1":{"name":"(anonymous_1)","decl":{"start":{"line":6,"column":20},"end":{"line":6,"column":21}},"loc":{"start":{"line":7,"column":8},"end":{"line":12,"column":null}}}},"branchMap":{},"s":{"0":0,"1":0,"2":0},"f":{"0":0,"1":0},"b":{}}
,"C:/Users/Kenny Miller/Documents/Temple/Capstone/DanglingPointers_Container/DanglingPointers/application/frontend/src/components/Navigation.jsx": {"path":"C:/Users/Kenny Miller/Documents/Temple/Capstone/DanglingPointers_Container/DanglingPointers/application/frontend/src/components/Navigation.jsx","statementMap":{"0":{"start":{"line":8,"column":33},"end":{"line":8,"column":null}},"1":{"start":{"line":10,"column":2},"end":{"line":53,"column":null}}},"fnMap":{"0":{"name":"Navigation","decl":{"start":{"line":7,"column":24},"end":{"line":7,"column":37}},"loc":{"start":{"line":7,"column":37},"end":{"line":55,"column":null}}}},"branchMap":{"0":{"loc":{"start":{"line":36,"column":9},"end":{"line":50,"column":null}},"type":"cond-expr","locations":[{"start":{"line":37,"column":10},"end":{"line":46,"column":null}},{"start":{"line":48,"column":10},"end":{"line":50,"column":null}}]}},"s":{"0":0,"1":0},"f":{"0":0},"b":{"0":[0,0]}}
,"C:/Users/Kenny Miller/Documents/Temple/Capstone/DanglingPointers_Container/DanglingPointers/application/frontend/src/components/Search.jsx": {"path":"C:/Users/Kenny Miller/Documents/Temple/Capstone/DanglingPointers_Container/DanglingPointers/application/frontend/src/components/Search.jsx","statementMap":{"0":{"start":{"line":6,"column":15},"end":{"line":76,"column":null}},"1":{"start":{"line":7,"column":38},"end":{"line":7,"column":null}},"2":{"start":{"line":8,"column":52},"end":{"line":8,"column":null}},"3":{"start":{"line":9,"column":28},"end":{"line":9,"column":null}},"4":{"start":{"line":10,"column":19},"end":{"line":10,"column":null}},"5":{"start":{"line":13,"column":25},"end":{"line":32,"column":null}},"6":{"start":{"line":14,"column":4},"end":{"line":31,"column":null}},"7":{"start":{"line":15,"column":6},"end":{"line":15,"column":null}},"8":{"start":{"line":16,"column":23},"end":{"line":18,"column":null}},"9":{"start":{"line":21,"column":6},"end":{"line":26,"column":null}},"10":{"start":{"line":22,"column":8},"end":{"line":22,"column":null}},"11":{"start":{"line":24,"column":8},"end":{"line":24,"column":null}},"12":{"start":{"line":25,"column":8},"end":{"line":25,"column":null}},"13":{"start":{"line":28,"column":6},"end":{"line":28,"column":null}},"14":{"start":{"line":29,"column":6},"end":{"line":29,"column":null}},"15":{"start":{"line":30,"column":6},"end":{"line":30,"column":null}},"16":{"start":{"line":34,"column":28},"end":{"line":44,"column":null}},"17":{"start":{"line":35,"column":18},"end":{"line":35,"column":null}},"18":{"start":{"line":36,"column":4},"end":{"line":36,"column":null}},"19":{"start":{"line":39,"column":4},"end":{"line":43,"column":null}},"20":{"start":{"line":40,"column":6},"end":{"line":40,"column":null}},"21":{"start":{"line":42,"column":6},"end":{"line":42,"column":null}},"22":{"start":{"line":46,"column":26},"end":{"line":50,"column":null}},"23":{"start":{"line":47,"column":4},"end":{"line":47,"column":null}},"24":{"start":{"line":48,"column":4},"end":{"line":48,"column":null}},"25":{"start":{"line":49,"column":4},"end":{"line":49,"column":null}},"26":{"start":{"line":52,"column":2},"end":{"line":74,"column":null}},"27":{"start":{"line":68,"column":14},"end":{"line":70,"column":null}},"28":{"start":{"line":68,"column":45},"end":{"line":68,"column":null}}},"fnMap":{"0":{"name":"(anonymous_0)","decl":{"start":{"line":6,"column":15},"end":{"line":6,"column":21}},"loc":{"start":{"line":6,"column":21},"end":{"line":76,"column":null}}},"1":{"name":"(anonymous_1)","decl":{"start":{"line":13,"column":25},"end":{"line":13,"column":32}},"loc":{"start":{"line":13,"column":47},"end":{"line":32,"column":null}}},"2":{"name":"(anonymous_2)","decl":{"start":{"line":34,"column":28},"end":{"line":34,"column":29}},"loc":{"start":{"line":34,"column":39},"end":{"line":44,"column":null}}},"3":{"name":"(anonymous_3)","decl":{"start":{"line":46,"column":26},"end":{"line":46,"column":27}},"loc":{"start":{"line":46,"column":40},"end":{"line":50,"column":null}}},"4":{"name":"(anonymous_4)","decl":{"start":{"line":67,"column":34},"end":{"line":67,"column":35}},"loc":{"start":{"line":68,"column":14},"end":{"line":70,"column":null}}},"5":{"name":"(anonymous_5)","decl":{"start":{"line":68,"column":39},"end":{"line":68,"column":45}},"loc":{"start":{"line":68,"column":45},"end":{"line":68,"column":null}}}},"branchMap":{"0":{"loc":{"start":{"line":21,"column":6},"end":{"line":26,"column":null}},"type":"if","locations":[{"start":{"line":21,"column":6},"end":{"line":26,"column":null}},{"start":{"line":23,"column":13},"end":{"line":26,"column":null}}]},"1":{"loc":{"start":{"line":39,"column":4},"end":{"line":43,"column":null}},"type":"if","locations":[{"start":{"line":39,"column":4},"end":{"line":43,"column":null}},{"start":{"line":41,"column":11},"end":{"line":43,"column":null}}]},"2":{"loc":{"start":{"line":64,"column":11},"end":{"line":64,"column":null}},"type":"binary-expr","locations":[{"start":{"line":64,"column":11},"end":{"line":64,"column":20}},{"start":{"line":64,"column":20},"end":{"line":64,"column":null}}]},"3":{"loc":{"start":{"line":65,"column":11},"end":{"line":71,"column":null}},"type":"binary-expr","locations":[{"start":{"line":65,"column":11},"end":{"line":65,"column":null}},{"start":{"line":66,"column":12},"end":{"line":66,"column":null}},{"start":{"line":67,"column":12},"end":{"line":71,"column":null}}]}},"s":{"0":0,"1":0,"2":0,"3":0,"4":0,"5":0,"6":0,"7":0,"8":0,"9":0,"10":0,"11":0,"12":0,"13":0,"14":0,"15":0,"16":0,"17":0,"18":0,"19":0,"20":0,"21":0,"22":0,"23":0,"24":0,"25":0,"26":0,"27":0,"28":0},"f":{"0":0,"1":0,"2":0,"3":0,"4":0,"5":0},"b":{"0":[0,0],"1":[0,0],"2":[0,0],"3":[0,0,0]}}
,"C:/Users/Kenny Miller/Documents/Temple/Capstone/DanglingPointers_Container/DanglingPointers/application/frontend/src/components/dashboard-components/Inbox.jsx": {"path":"C:/Users/Kenny Miller/Documents/Temple/Capstone/DanglingPointers_Container/DanglingPointers/application/frontend/src/components/dashboard-components/Inbox.jsx","statementMap":{"0":{"start":{"line":5,"column":19},"end":{"line":5,"column":null}},"1":{"start":{"line":7,"column":18},"end":{"line":10,"column":null}},"2":{"start":{"line":12,"column":42},"end":{"line":12,"column":null}},"3":{"start":{"line":14,"column":29},"end":{"line":20,"column":null}},"4":{"start":{"line":15,"column":8},"end":{"line":19,"column":null}},"5":{"start":{"line":16,"column":12},"end":{"line":18,"column":null}},"6":{"start":{"line":17,"column":48},"end":{"line":17,"column":59}},"7":{"start":{"line":22,"column":4},"end":{"line":37,"column":null}},"8":{"start":{"line":26,"column":16},"end":{"line":35,"column":null}},"9":{"start":{"line":33,"column":39},"end":{"line":33,"column":null}}},"fnMap":{"0":{"name":"Inbox","decl":{"start":{"line":4,"column":24},"end":{"line":4,"column":32}},"loc":{"start":{"line":4,"column":32},"end":{"line":39,"column":1}}},"1":{"name":"(anonymous_1)","decl":{"start":{"line":14,"column":29},"end":{"line":14,"column":30}},"loc":{"start":{"line":14,"column":40},"end":{"line":20,"column":null}}},"2":{"name":"(anonymous_2)","decl":{"start":{"line":15,"column":23},"end":{"line":15,"column":24}},"loc":{"start":{"line":16,"column":12},"end":{"line":18,"column":null}}},"3":{"name":"(anonymous_3)","decl":{"start":{"line":17,"column":41},"end":{"line":17,"column":42}},"loc":{"start":{"line":17,"column":48},"end":{"line":17,"column":59}}},"4":{"name":"(anonymous_4)","decl":{"start":{"line":25,"column":25},"end":{"line":25,"column":26}},"loc":{"start":{"line":26,"column":16},"end":{"line":35,"column":null}}},"5":{"name":"(anonymous_5)","decl":{"start":{"line":33,"column":33},"end":{"line":33,"column":39}},"loc":{"start":{"line":33,"column":39},"end":{"line":33,"column":null}}}},"branchMap":{"0":{"loc":{"start":{"line":16,"column":12},"end":{"line":18,"column":null}},"type":"cond-expr","locations":[{"start":{"line":17,"column":18},"end":{"line":17,"column":null}},{"start":{"line":18,"column":18},"end":{"line":18,"column":null}}]}},"s":{"0":0,"1":0,"2":0,"3":0,"4":0,"5":0,"6":0,"7":0,"8":0,"9":0},"f":{"0":0,"1":0,"2":0,"3":0,"4":0,"5":0},"b":{"0":[0,0]}}
,"C:/Users/Kenny Miller/Documents/Temple/Capstone/DanglingPointers_Container/DanglingPointers/application/frontend/src/components/dashboard-components/InboxComponent.jsx": {"path":"C:/Users/Kenny Miller/Documents/Temple/Capstone/DanglingPointers_Container/DanglingPointers/application/frontend/src/components/dashboard-components/InboxComponent.jsx","statementMap":{"0":{"start":{"line":3,"column":23},"end":{"line":30,"column":null}},"1":{"start":{"line":11,"column":2},"end":{"line":28,"column":null}}},"fnMap":{"0":{"name":"(anonymous_0)","decl":{"start":{"line":3,"column":23},"end":{"line":3,"column":24}},"loc":{"start":{"line":10,"column":6},"end":{"line":30,"column":null}}}},"branchMap":{"0":{"loc":{"start":{"line":15,"column":11},"end":{"line":15,"column":null}},"type":"cond-expr","locations":[{"start":{"line":15,"column":29},"end":{"line":15,"column":35}},{"start":{"line":15,"column":35},"end":{"line":15,"column":null}}]},"1":{"loc":{"start":{"line":23,"column":7},"end":{"line":26,"column":null}},"type":"binary-expr","locations":[{"start":{"line":23,"column":7},"end":{"line":23,"column":null}},{"start":{"line":24,"column":8},"end":{"line":26,"column":null}}]}},"s":{"0":0,"1":0},"f":{"0":0},"b":{"0":[0,0],"1":[0,0]}}
,"C:/Users/Kenny Miller/Documents/Temple/Capstone/DanglingPointers_Container/DanglingPointers/application/frontend/src/components/dashboard-components/Settings.jsx": {"path":"C:/Users/Kenny Miller/Documents/Temple/Capstone/DanglingPointers_Container/DanglingPointers/application/frontend/src/components/dashboard-components/Settings.jsx","statementMap":{"0":{"start":{"line":6,"column":26},"end":{"line":6,"column":null}},"1":{"start":{"line":7,"column":30},"end":{"line":7,"column":null}},"2":{"start":{"line":9,"column":4},"end":{"line":9,"column":null}},"3":{"start":{"line":13,"column":4},"end":{"line":13,"column":null}},"4":{"start":{"line":16,"column":31},"end":{"line":18,"column":null}},"5":{"start":{"line":17,"column":4},"end":{"line":17,"column":null}},"6":{"start":{"line":20,"column":2},"end":{"line":25,"column":null}},"7":{"start":{"line":21,"column":18},"end":{"line":21,"column":null}},"8":{"start":{"line":22,"column":21},"end":{"line":22,"column":null}},"9":{"start":{"line":23,"column":4},"end":{"line":23,"column":null}},"10":{"start":{"line":24,"column":4},"end":{"line":24,"column":null}},"11":{"start":{"line":27,"column":2},"end":{"line":61,"column":null}},"12":{"start":{"line":32,"column":10},"end":{"line":58,"column":null}},"13":{"start":{"line":45,"column":40},"end":{"line":45,"column":null}},"14":{"start":{"line":46,"column":18},"end":{"line":46,"column":null}},"15":{"start":{"line":47,"column":18},"end":{"line":47,"column":null}}},"fnMap":{"0":{"name":"Settings","decl":{"start":{"line":5,"column":24},"end":{"line":5,"column":35}},"loc":{"start":{"line":5,"column":35},"end":{"line":63,"column":null}}},"1":{"name":"formatKey","decl":{"start":{"line":12,"column":11},"end":{"line":12,"column":21}},"loc":{"start":{"line":12,"column":26},"end":{"line":14,"column":null}}},"2":{"name":"(anonymous_2)","decl":{"start":{"line":16,"column":31},"end":{"line":16,"column":38}},"loc":{"start":{"line":16,"column":48},"end":{"line":18,"column":null}}},"3":{"name":"(anonymous_3)","decl":{"start":{"line":20,"column":12},"end":{"line":20,"column":18}},"loc":{"start":{"line":20,"column":18},"end":{"line":25,"column":5}}},"4":{"name":"(anonymous_4)","decl":{"start":{"line":31,"column":20},"end":{"line":31,"column":21}},"loc":{"start":{"line":32,"column":10},"end":{"line":58,"column":null}}},"5":{"name":"(anonymous_5)","decl":{"start":{"line":44,"column":26},"end":{"line":44,"column":27}},"loc":{"start":{"line":44,"column":33},"end":{"line":48,"column":null}}}},"branchMap":{"0":{"loc":{"start":{"line":38,"column":18},"end":{"line":40,"column":null}},"type":"cond-expr","locations":[{"start":{"line":39,"column":22},"end":{"line":39,"column":null}},{"start":{"line":40,"column":22},"end":{"line":40,"column":null}}]},"1":{"loc":{"start":{"line":51,"column":13},"end":{"line":57,"column":null}},"type":"cond-expr","locations":[{"start":{"line":52,"column":14},"end":{"line":56,"column":null}},{"start":{"line":57,"column":16},"end":{"line":57,"column":null}}]}},"s":{"0":0,"1":0,"2":0,"3":0,"4":0,"5":0,"6":0,"7":0,"8":0,"9":0,"10":0,"11":0,"12":0,"13":0,"14":0,"15":0},"f":{"0":0,"1":0,"2":0,"3":0,"4":0,"5":0},"b":{"0":[0,0],"1":[0,0]}}
,"C:/Users/Kenny Miller/Documents/Temple/Capstone/DanglingPointers_Container/DanglingPointers/application/frontend/src/components/dashboard-components/Store.jsx": {"path":"C:/Users/Kenny Miller/Documents/Temple/Capstone/DanglingPointers_Container/DanglingPointers/application/frontend/src/components/dashboard-components/Store.jsx","statementMap":{"0":{"start":{"line":8,"column":36},"end":{"line":8,"column":null}},"1":{"start":{"line":9,"column":38},"end":{"line":9,"column":null}},"2":{"start":{"line":11,"column":2},"end":{"line":22,"column":null}},"3":{"start":{"line":12,"column":23},"end":{"line":19,"column":null}},"4":{"start":{"line":13,"column":6},"end":{"line":18,"column":null}},"5":{"start":{"line":14,"column":30},"end":{"line":14,"column":null}},"6":{"start":{"line":15,"column":8},"end":{"line":15,"column":null}},"7":{"start":{"line":17,"column":8},"end":{"line":17,"column":null}},"8":{"start":{"line":21,"column":4},"end":{"line":21,"column":null}},"9":{"start":{"line":24,"column":2},"end":{"line":45,"column":null}},"10":{"start":{"line":33,"column":14},"end":{"line":41,"column":null}}},"fnMap":{"0":{"name":"Store","decl":{"start":{"line":7,"column":24},"end":{"line":7,"column":32}},"loc":{"start":{"line":7,"column":32},"end":{"line":47,"column":null}}},"1":{"name":"(anonymous_1)","decl":{"start":{"line":11,"column":18},"end":{"line":11,"column":24}},"loc":{"start":{"line":11,"column":24},"end":{"line":22,"column":5}}},"2":{"name":"(anonymous_2)","decl":{"start":{"line":12,"column":23},"end":{"line":12,"column":35}},"loc":{"start":{"line":12,"column":35},"end":{"line":19,"column":null}}},"3":{"name":"(anonymous_3)","decl":{"start":{"line":32,"column":42},"end":{"line":32,"column":43}},"loc":{"start":{"line":33,"column":14},"end":{"line":41,"column":null}}}},"branchMap":{"0":{"loc":{"start":{"line":31,"column":9},"end":{"line":43,"column":null}},"type":"cond-expr","locations":[{"start":{"line":32,"column":12},"end":{"line":42,"column":null}},{"start":{"line":43,"column":12},"end":{"line":43,"column":null}}]}},"s":{"0":0,"1":0,"2":0,"3":0,"4":0,"5":0,"6":0,"7":0,"8":0,"9":0,"10":0},"f":{"0":0,"1":0,"2":0,"3":0},"b":{"0":[0,0]}}
,"C:/Users/Kenny Miller/Documents/Temple/Capstone/DanglingPointers_Container/DanglingPointers/application/frontend/src/components/dashboard-components/UserLeaderboards.jsx": {"path":"C:/Users/Kenny Miller/Documents/Temple/Capstone/DanglingPointers_Container/DanglingPointers/application/frontend/src/components/dashboard-components/UserLeaderboards.jsx","statementMap":{"0":{"start":{"line":2,"column":4},"end":{"line":5,"column":null}}},"fnMap":{"0":{"name":"UserLeaderboards","decl":{"start":{"line":1,"column":24},"end":{"line":1,"column":43}},"loc":{"start":{"line":1,"column":43},"end":{"line":7,"column":1}}}},"branchMap":{},"s":{"0":0},"f":{"0":0},"b":{}}
,"C:/Users/Kenny Miller/Documents/Temple/Capstone/DanglingPointers_Container/DanglingPointers/application/frontend/src/components/dashboard-components/UserPreviousGames.jsx": {"path":"C:/Users/Kenny Miller/Documents/Temple/Capstone/DanglingPointers_Container/DanglingPointers/application/frontend/src/components/dashboard-components/UserPreviousGames.jsx","statementMap":{"0":{"start":{"line":8,"column":44},"end":{"line":8,"column":null}},"1":{"start":{"line":9,"column":21},"end":{"line":9,"column":null}},"2":{"start":{"line":11,"column":2},"end":{"line":27,"column":null}},"3":{"start":{"line":13,"column":22},"end":{"line":24,"column":null}},"4":{"start":{"line":14,"column":6},"end":{"line":23,"column":null}},"5":{"start":{"line":15,"column":25},"end":{"line":17,"column":null}},"6":{"start":{"line":18,"column":8},"end":{"line":20,"column":null}},"7":{"start":{"line":19,"column":41},"end":{"line":19,"column":67}},"8":{"start":{"line":22,"column":8},"end":{"line":22,"column":null}},"9":{"start":{"line":26,"column":4},"end":{"line":26,"column":null}},"10":{"start":{"line":29,"column":2},"end":{"line":47,"column":null}},"11":{"start":{"line":36,"column":10},"end":{"line":44,"column":null}}},"fnMap":{"0":{"name":"UserPreviousGames","decl":{"start":{"line":7,"column":24},"end":{"line":7,"column":44}},"loc":{"start":{"line":7,"column":44},"end":{"line":49,"column":null}}},"1":{"name":"(anonymous_1)","decl":{"start":{"line":11,"column":12},"end":{"line":11,"column":18}},"loc":{"start":{"line":11,"column":18},"end":{"line":27,"column":5}}},"2":{"name":"(anonymous_2)","decl":{"start":{"line":13,"column":22},"end":{"line":13,"column":34}},"loc":{"start":{"line":13,"column":34},"end":{"line":24,"column":null}}},"3":{"name":"(anonymous_3)","decl":{"start":{"line":19,"column":31},"end":{"line":19,"column":32}},"loc":{"start":{"line":19,"column":41},"end":{"line":19,"column":67}}},"4":{"name":"(anonymous_4)","decl":{"start":{"line":35,"column":27},"end":{"line":35,"column":28}},"loc":{"start":{"line":36,"column":10},"end":{"line":44,"column":null}}}},"branchMap":{},"s":{"0":0,"1":0,"2":0,"3":0,"4":0,"5":0,"6":0,"7":0,"8":0,"9":0,"10":0,"11":0},"f":{"0":0,"1":0,"2":0,"3":0,"4":0},"b":{}}
,"C:/Users/Kenny Miller/Documents/Temple/Capstone/DanglingPointers_Container/DanglingPointers/application/frontend/src/components/dashboard-components/UserSetup.jsx": {"path":"C:/Users/Kenny Miller/Documents/Temple/Capstone/DanglingPointers_Container/DanglingPointers/application/frontend/src/components/dashboard-components/UserSetup.jsx","statementMap":{"0":{"start":{"line":8,"column":52},"end":{"line":8,"column":null}},"1":{"start":{"line":9,"column":50},"end":{"line":9,"column":null}},"2":{"start":{"line":10,"column":46},"end":{"line":10,"column":null}},"3":{"start":{"line":11,"column":33},"end":{"line":11,"column":null}},"4":{"start":{"line":12,"column":21},"end":{"line":12,"column":null}},"5":{"start":{"line":14,"column":2},"end":{"line":29,"column":null}},"6":{"start":{"line":15,"column":35},"end":{"line":27,"column":null}},"7":{"start":{"line":16,"column":6},"end":{"line":26,"column":null}},"8":{"start":{"line":17,"column":25},"end":{"line":17,"column":null}},"9":{"start":{"line":18,"column":26},"end":{"line":18,"column":null}},"10":{"start":{"line":19,"column":8},"end":{"line":21,"column":null}},"11":{"start":{"line":20,"column":10},"end":{"line":20,"column":null}},"12":{"start":{"line":23,"column":8},"end":{"line":23,"column":null}},"13":{"start":{"line":25,"column":8},"end":{"line":25,"column":null}},"14":{"start":{"line":28,"column":4},"end":{"line":28,"column":null}},"15":{"start":{"line":31,"column":29},"end":{"line":33,"column":null}},"16":{"start":{"line":32,"column":4},"end":{"line":32,"column":null}},"17":{"start":{"line":35,"column":23},"end":{"line":53,"column":null}},"18":{"start":{"line":36,"column":4},"end":{"line":36,"column":null}},"19":{"start":{"line":38,"column":4},"end":{"line":38,"column":null}},"20":{"start":{"line":38,"column":46},"end":{"line":38,"column":null}},"21":{"start":{"line":40,"column":21},"end":{"line":44,"column":null}},"22":{"start":{"line":46,"column":4},"end":{"line":52,"column":null}},"23":{"start":{"line":47,"column":6},"end":{"line":47,"column":null}},"24":{"start":{"line":49,"column":6},"end":{"line":49,"column":null}},"25":{"start":{"line":51,"column":6},"end":{"line":51,"column":null}},"26":{"start":{"line":55,"column":2},"end":{"line":91,"column":null}},"27":{"start":{"line":68,"column":14},"end":{"line":70,"column":null}},"28":{"start":{"line":86,"column":29},"end":{"line":86,"column":null}}},"fnMap":{"0":{"name":"UserSetup","decl":{"start":{"line":7,"column":24},"end":{"line":7,"column":34}},"loc":{"start":{"line":7,"column":60},"end":{"line":93,"column":null}}},"1":{"name":"(anonymous_1)","decl":{"start":{"line":14,"column":12},"end":{"line":14,"column":18}},"loc":{"start":{"line":14,"column":18},"end":{"line":29,"column":5}}},"2":{"name":"(anonymous_2)","decl":{"start":{"line":15,"column":35},"end":{"line":15,"column":47}},"loc":{"start":{"line":15,"column":47},"end":{"line":27,"column":null}}},"3":{"name":"(anonymous_3)","decl":{"start":{"line":31,"column":29},"end":{"line":31,"column":30}},"loc":{"start":{"line":31,"column":36},"end":{"line":33,"column":null}}},"4":{"name":"(anonymous_4)","decl":{"start":{"line":35,"column":23},"end":{"line":35,"column":30}},"loc":{"start":{"line":35,"column":36},"end":{"line":53,"column":null}}},"5":{"name":"(anonymous_5)","decl":{"start":{"line":67,"column":35},"end":{"line":67,"column":36}},"loc":{"start":{"line":68,"column":14},"end":{"line":70,"column":null}}},"6":{"name":"(anonymous_6)","decl":{"start":{"line":86,"column":22},"end":{"line":86,"column":23}},"loc":{"start":{"line":86,"column":29},"end":{"line":86,"column":null}}}},"branchMap":{"0":{"loc":{"start":{"line":38,"column":4},"end":{"line":38,"column":null}},"type":"if","locations":[{"start":{"line":38,"column":4},"end":{"line":38,"column":null}},{"start":{},"end":{}}]},"1":{"loc":{"start":{"line":38,"column":8},"end":{"line":38,"column":46}},"type":"binary-expr","locations":[{"start":{"line":38,"column":8},"end":{"line":38,"column":29}},{"start":{"line":38,"column":29},"end":{"line":38,"column":46}}]}},"s":{"0":0,"1":0,"2":0,"3":0,"4":0,"5":0,"6":0,"7":0,"8":0,"9":0,"10":0,"11":0,"12":0,"13":0,"14":0,"15":0,"16":0,"17":0,"18":0,"19":0,"20":0,"21":0,"22":0,"23":0,"24":0,"25":0,"26":0,"27":0,"28":0},"f":{"0":0,"1":0,"2":0,"3":0,"4":0,"5":0,"6":0},"b":{"0":[0,0],"1":[0,0]}}
,"C:/Users/Kenny Miller/Documents/Temple/Capstone/DanglingPointers_Container/DanglingPointers/application/frontend/src/components/dashboard-components/UserStats.jsx": {"path":"C:/Users/Kenny Miller/Documents/Temple/Capstone/DanglingPointers_Container/DanglingPointers/application/frontend/src/components/dashboard-components/UserStats.jsx","statementMap":{"0":{"start":{"line":2,"column":4},"end":{"line":5,"column":null}}},"fnMap":{"0":{"name":"UserStats","decl":{"start":{"line":1,"column":24},"end":{"line":1,"column":36}},"loc":{"start":{"line":1,"column":36},"end":{"line":7,"column":1}}}},"branchMap":{},"s":{"0":0},"f":{"0":0},"b":{}}
,"C:/Users/Kenny Miller/Documents/Temple/Capstone/DanglingPointers_Container/DanglingPointers/application/frontend/src/components/entries/GameEntry.jsx": {"path":"C:/Users/Kenny Miller/Documents/Temple/Capstone/DanglingPointers_Container/DanglingPointers/application/frontend/src/components/entries/GameEntry.jsx","statementMap":{"0":{"start":{"line":8,"column":34},"end":{"line":8,"column":null}},"1":{"start":{"line":10,"column":2},"end":{"line":16,"column":null}},"2":{"start":{"line":11,"column":4},"end":{"line":15,"column":null}},"3":{"start":{"line":18,"column":2},"end":{"line":44,"column":null}},"4":{"start":{"line":22,"column":10},"end":{"line":26,"column":null}},"5":{"start":{"line":31,"column":10},"end":{"line":35,"column":null}}},"fnMap":{"0":{"name":"GameEntry","decl":{"start":{"line":3,"column":24},"end":{"line":3,"column":34}},"loc":{"start":{"line":7,"column":3},"end":{"line":46,"column":null}}},"1":{"name":"(anonymous_1)","decl":{"start":{"line":10,"column":12},"end":{"line":10,"column":18}},"loc":{"start":{"line":10,"column":18},"end":{"line":16,"column":5}}},"2":{"name":"(anonymous_2)","decl":{"start":{"line":21,"column":19},"end":{"line":21,"column":20}},"loc":{"start":{"line":22,"column":10},"end":{"line":26,"column":null}}},"3":{"name":"(anonymous_3)","decl":{"start":{"line":30,"column":20},"end":{"line":30,"column":21}},"loc":{"start":{"line":31,"column":10},"end":{"line":35,"column":null}}}},"branchMap":{"0":{"loc":{"start":{"line":6,"column":2},"end":{"line":6,"column":null}},"type":"default-arg","locations":[{"start":{"line":6,"column":11},"end":{"line":6,"column":null}}]},"1":{"loc":{"start":{"line":11,"column":4},"end":{"line":15,"column":null}},"type":"cond-expr","locations":[{"start":{"line":12,"column":8},"end":{"line":12,"column":null}},{"start":{"line":13,"column":8},"end":{"line":15,"column":null}}]},"2":{"loc":{"start":{"line":13,"column":8},"end":{"line":15,"column":null}},"type":"cond-expr","locations":[{"start":{"line":14,"column":8},"end":{"line":14,"column":null}},{"start":{"line":15,"column":8},"end":{"line":15,"column":null}}]},"3":{"loc":{"start":{"line":22,"column":10},"end":{"line":26,"column":null}},"type":"cond-expr","locations":[{"start":{"line":23,"column":12},"end":{"line":25,"column":null}},{"start":{"line":26,"column":14},"end":{"line":26,"column":null}}]},"4":{"loc":{"start":{"line":31,"column":10},"end":{"line":35,"column":null}},"type":"cond-expr","locations":[{"start":{"line":32,"column":12},"end":{"line":34,"column":null}},{"start":{"line":35,"column":14},"end":{"line":35,"column":null}}]}},"s":{"0":0,"1":0,"2":0,"3":0,"4":0,"5":0},"f":{"0":0,"1":0,"2":0,"3":0},"b":{"0":[0],"1":[0,0],"2":[0,0],"3":[0,0],"4":[0,0]}}
,"C:/Users/Kenny Miller/Documents/Temple/Capstone/DanglingPointers_Container/DanglingPointers/application/frontend/src/components/entries/ItemEntry.jsx": {"path":"C:/Users/Kenny Miller/Documents/Temple/Capstone/DanglingPointers_Container/DanglingPointers/application/frontend/src/components/entries/ItemEntry.jsx","statementMap":{"0":{"start":{"line":10,"column":34},"end":{"line":10,"column":null}},"1":{"start":{"line":11,"column":2},"end":{"line":13,"column":null}},"2":{"start":{"line":12,"column":4},"end":{"line":12,"column":null}},"3":{"start":{"line":15,"column":2},"end":{"line":33,"column":null}},"4":{"start":{"line":26,"column":12},"end":{"line":26,"column":null}},"5":{"start":{"line":26,"column":40},"end":{"line":26,"column":60}}},"fnMap":{"0":{"name":"ItemEntry","decl":{"start":{"line":2,"column":24},"end":{"line":2,"column":34}},"loc":{"start":{"line":9,"column":3},"end":{"line":35,"column":null}}},"1":{"name":"(anonymous_1)","decl":{"start":{"line":11,"column":12},"end":{"line":11,"column":18}},"loc":{"start":{"line":11,"column":18},"end":{"line":13,"column":5}}},"2":{"name":"(anonymous_2)","decl":{"start":{"line":25,"column":19},"end":{"line":25,"column":25}},"loc":{"start":{"line":25,"column":25},"end":{"line":27,"column":null}}},"3":{"name":"(anonymous_3)","decl":{"start":{"line":26,"column":25},"end":{"line":26,"column":26}},"loc":{"start":{"line":26,"column":40},"end":{"line":26,"column":60}}}},"branchMap":{"0":{"loc":{"start":{"line":12,"column":4},"end":{"line":12,"column":null}},"type":"cond-expr","locations":[{"start":{"line":12,"column":28},"end":{"line":12,"column":51}},{"start":{"line":12,"column":51},"end":{"line":12,"column":null}}]}},"s":{"0":0,"1":0,"2":0,"3":0,"4":0,"5":0},"f":{"0":0,"1":0,"2":0,"3":0},"b":{"0":[0,0]}}
,"C:/Users/Kenny Miller/Documents/Temple/Capstone/DanglingPointers_Container/DanglingPointers/application/frontend/src/components/entries/LeaderboardEntry.jsx": {"path":"C:/Users/Kenny Miller/Documents/Temple/Capstone/DanglingPointers_Container/DanglingPointers/application/frontend/src/components/entries/LeaderboardEntry.jsx","statementMap":{"0":{"start":{"line":4,"column":23},"end":{"line":10,"column":null}},"1":{"start":{"line":5,"column":21},"end":{"line":5,"column":null}},"2":{"start":{"line":6,"column":8},"end":{"line":9,"column":null}},"3":{"start":{"line":12,"column":4},"end":{"line":21,"column":null}}},"fnMap":{"0":{"name":"LeaderboardEntry","decl":{"start":{"line":3,"column":24},"end":{"line":3,"column":41}},"loc":{"start":{"line":3,"column":86},"end":{"line":23,"column":null}}},"1":{"name":"(anonymous_1)","decl":{"start":{"line":4,"column":23},"end":{"line":4,"column":24}},"loc":{"start":{"line":4,"column":39},"end":{"line":10,"column":null}}}},"branchMap":{},"s":{"0":0,"1":0,"2":0,"3":0},"f":{"0":0,"1":0},"b":{}}
,"C:/Users/Kenny Miller/Documents/Temple/Capstone/DanglingPointers_Container/DanglingPointers/application/frontend/src/components/entries/TestLeaderboardEntry.jsx": {"path":"C:/Users/Kenny Miller/Documents/Temple/Capstone/DanglingPointers_Container/DanglingPointers/application/frontend/src/components/entries/TestLeaderboardEntry.jsx","statementMap":{"0":{"start":{"line":4,"column":23},"end":{"line":10,"column":null}},"1":{"start":{"line":12,"column":4},"end":{"line":19,"column":null}}},"fnMap":{"0":{"name":"TestLeaderboardEntry","decl":{"start":{"line":3,"column":24},"end":{"line":3,"column":47}},"loc":{"start":{"line":3,"column":47},"end":{"line":21,"column":null}}}},"branchMap":{},"s":{"0":0,"1":0},"f":{"0":0},"b":{}}
,"C:/Users/Kenny Miller/Documents/Temple/Capstone/DanglingPointers_Container/DanglingPointers/application/frontend/src/components/entries/UserEntry.jsx": {"path":"C:/Users/Kenny Miller/Documents/Temple/Capstone/DanglingPointers_Container/DanglingPointers/application/frontend/src/components/entries/UserEntry.jsx","statementMap":{"0":{"start":{"line":3,"column":4},"end":{"line":6,"column":null}}},"fnMap":{"0":{"name":"UserEntry","decl":{"start":{"line":1,"column":24},"end":{"line":1,"column":36}},"loc":{"start":{"line":1,"column":36},"end":{"line":8,"column":null}}}},"branchMap":{},"s":{"0":0},"f":{"0":0},"b":{}}
,"C:/Users/Kenny Miller/Documents/Temple/Capstone/DanglingPointers_Container/DanglingPointers/application/frontend/src/components/game-components/GarbageCollector.jsx": {"path":"C:/Users/Kenny Miller/Documents/Temple/Capstone/DanglingPointers_Container/DanglingPointers/application/frontend/src/components/game-components/GarbageCollector.jsx","statementMap":{"0":{"start":{"line":16,"column":25},"end":{"line":97,"column":null}},"1":{"start":{"line":18,"column":36},"end":{"line":18,"column":null}},"2":{"start":{"line":20,"column":4},"end":{"line":20,"column":null}},"3":{"start":{"line":21,"column":22},"end":{"line":21,"column":null}},"4":{"start":{"line":32,"column":2},"end":{"line":86,"column":null}},"5":{"start":{"line":33,"column":26},"end":{"line":73,"column":null}},"6":{"start":{"line":34,"column":6},"end":{"line":72,"column":null}},"7":{"start":{"line":35,"column":8},"end":{"line":35,"column":null}},"8":{"start":{"line":36,"column":8},"end":{"line":52,"column":null}},"9":{"start":{"line":37,"column":10},"end":{"line":51,"column":null}},"10":{"start":{"line":38,"column":12},"end":{"line":50,"column":null}},"11":{"start":{"line":46,"column":14},"end":{"line":46,"column":null}},"12":{"start":{"line":48,"column":14},"end":{"line":48,"column":null}},"13":{"start":{"line":49,"column":14},"end":{"line":49,"column":null}},"14":{"start":{"line":53,"column":6},"end":{"line":72,"column":null}},"15":{"start":{"line":54,"column":8},"end":{"line":54,"column":null}},"16":{"start":{"line":55,"column":8},"end":{"line":71,"column":null}},"17":{"start":{"line":56,"column":10},"end":{"line":70,"column":null}},"18":{"start":{"line":57,"column":12},"end":{"line":69,"column":null}},"19":{"start":{"line":65,"column":14},"end":{"line":65,"column":null}},"20":{"start":{"line":67,"column":14},"end":{"line":67,"column":null}},"21":{"start":{"line":68,"column":14},"end":{"line":68,"column":null}},"22":{"start":{"line":75,"column":24},"end":{"line":77,"column":null}},"23":{"start":{"line":76,"column":6},"end":{"line":76,"column":null}},"24":{"start":{"line":79,"column":4},"end":{"line":79,"column":null}},"25":{"start":{"line":80,"column":4},"end":{"line":80,"column":null}},"26":{"start":{"line":82,"column":4},"end":{"line":85,"column":null}},"27":{"start":{"line":83,"column":6},"end":{"line":83,"column":null}},"28":{"start":{"line":84,"column":6},"end":{"line":84,"column":null}},"29":{"start":{"line":88,"column":2},"end":{"line":95,"column":null}},"30":{"start":{"line":99,"column":0},"end":{"line":99,"column":null}}},"fnMap":{"0":{"name":"(anonymous_0)","decl":{"start":{"line":16,"column":36},"end":{"line":16,"column":37}},"loc":{"start":{"line":16,"column":48},"end":{"line":97,"column":1}}},"1":{"name":"(anonymous_1)","decl":{"start":{"line":32,"column":12},"end":{"line":32,"column":18}},"loc":{"start":{"line":32,"column":18},"end":{"line":86,"column":5}}},"2":{"name":"(anonymous_2)","decl":{"start":{"line":33,"column":26},"end":{"line":33,"column":27}},"loc":{"start":{"line":33,"column":37},"end":{"line":73,"column":null}}},"3":{"name":"(anonymous_3)","decl":{"start":{"line":36,"column":42},"end":{"line":36,"column":48}},"loc":{"start":{"line":36,"column":48},"end":{"line":52,"column":11}}},"4":{"name":"(anonymous_4)","decl":{"start":{"line":37,"column":23},"end":{"line":37,"column":24}},"loc":{"start":{"line":37,"column":37},"end":{"line":51,"column":11}}},"5":{"name":"(anonymous_5)","decl":{"start":{"line":55,"column":42},"end":{"line":55,"column":48}},"loc":{"start":{"line":55,"column":48},"end":{"line":71,"column":11}}},"6":{"name":"(anonymous_6)","decl":{"start":{"line":56,"column":23},"end":{"line":56,"column":24}},"loc":{"start":{"line":56,"column":37},"end":{"line":70,"column":11}}},"7":{"name":"(anonymous_7)","decl":{"start":{"line":75,"column":24},"end":{"line":75,"column":30}},"loc":{"start":{"line":75,"column":30},"end":{"line":77,"column":null}}},"8":{"name":"(anonymous_8)","decl":{"start":{"line":82,"column":11},"end":{"line":82,"column":17}},"loc":{"start":{"line":82,"column":17},"end":{"line":85,"column":null}}}},"branchMap":{"0":{"loc":{"start":{"line":34,"column":6},"end":{"line":72,"column":null}},"type":"if","locations":[{"start":{"line":34,"column":6},"end":{"line":72,"column":null}},{"start":{"line":53,"column":6},"end":{"line":72,"column":null}}]},"1":{"loc":{"start":{"line":38,"column":12},"end":{"line":50,"column":null}},"type":"if","locations":[{"start":{"line":38,"column":12},"end":{"line":50,"column":null}},{"start":{"line":47,"column":17},"end":{"line":50,"column":null}}]},"2":{"loc":{"start":{"line":53,"column":6},"end":{"line":72,"column":null}},"type":"if","locations":[{"start":{"line":53,"column":6},"end":{"line":72,"column":null}},{"start":{},"end":{}}]},"3":{"loc":{"start":{"line":57,"column":12},"end":{"line":69,"column":null}},"type":"if","locations":[{"start":{"line":57,"column":12},"end":{"line":69,"column":null}},{"start":{"line":66,"column":17},"end":{"line":69,"column":null}}]}},"s":{"0":0,"1":0,"2":0,"3":0,"4":0,"5":0,"6":0,"7":0,"8":0,"9":0,"10":0,"11":0,"12":0,"13":0,"14":0,"15":0,"16":0,"17":0,"18":0,"19":0,"20":0,"21":0,"22":0,"23":0,"24":0,"25":0,"26":0,"27":0,"28":0,"29":0,"30":0},"f":{"0":0,"1":0,"2":0,"3":0,"4":0,"5":0,"6":0,"7":0,"8":0},"b":{"0":[0,0],"1":[0,0],"2":[0,0],"3":[0,0]}}
,"C:/Users/Kenny Miller/Documents/Temple/Capstone/DanglingPointers_Container/DanglingPointers/application/frontend/src/components/game-components/Pointer.jsx": {"path":"C:/Users/Kenny Miller/Documents/Temple/Capstone/DanglingPointers_Container/DanglingPointers/application/frontend/src/components/game-components/Pointer.jsx","statementMap":{"0":{"start":{"line":6,"column":51},"end":{"line":6,"column":null}},"1":{"start":{"line":7,"column":21},"end":{"line":7,"column":null}},"2":{"start":{"line":8,"column":40},"end":{"line":8,"column":null}},"3":{"start":{"line":10,"column":44},"end":{"line":10,"column":null}},"4":{"start":{"line":11,"column":21},"end":{"line":11,"column":null}},"5":{"start":{"line":14,"column":2},"end":{"line":44,"column":null}},"6":{"start":{"line":15,"column":4},"end":{"line":18,"column":null}},"7":{"start":{"line":16,"column":6},"end":{"line":16,"column":null}},"8":{"start":{"line":17,"column":6},"end":{"line":17,"column":null}},"9":{"start":{"line":20,"column":17},"end":{"line":20,"column":null}},"10":{"start":{"line":21,"column":19},"end":{"line":21,"column":null}},"11":{"start":{"line":22,"column":27},"end":{"line":22,"column":null}},"12":{"start":{"line":24,"column":4},"end":{"line":26,"column":null}},"13":{"start":{"line":28,"column":37},"end":{"line":30,"column":null}},"14":{"start":{"line":29,"column":6},"end":{"line":29,"column":null}},"15":{"start":{"line":31,"column":4},"end":{"line":36,"column":null}},"16":{"start":{"line":32,"column":6},"end":{"line":35,"column":null}},"17":{"start":{"line":38,"column":4},"end":{"line":43,"column":null}},"18":{"start":{"line":39,"column":6},"end":{"line":42,"column":null}},"19":{"start":{"line":47,"column":2},"end":{"line":77,"column":null}},"20":{"start":{"line":48,"column":28},"end":{"line":71,"column":null}},"21":{"start":{"line":49,"column":22},"end":{"line":49,"column":null}},"22":{"start":{"line":50,"column":31},"end":{"line":50,"column":null}},"23":{"start":{"line":51,"column":6},"end":{"line":69,"column":null}},"24":{"start":{"line":52,"column":28},"end":{"line":52,"column":null}},"25":{"start":{"line":53,"column":37},"end":{"line":53,"column":null}},"26":{"start":{"line":55,"column":8},"end":{"line":68,"column":null}},"27":{"start":{"line":60,"column":10},"end":{"line":60,"column":null}},"28":{"start":{"line":60,"column":38},"end":{"line":60,"column":51}},"29":{"start":{"line":61,"column":10},"end":{"line":67,"column":null}},"30":{"start":{"line":62,"column":12},"end":{"line":62,"column":null}},"31":{"start":{"line":63,"column":10},"end":{"line":67,"column":null}},"32":{"start":{"line":64,"column":12},"end":{"line":64,"column":null}},"33":{"start":{"line":65,"column":10},"end":{"line":67,"column":null}},"34":{"start":{"line":66,"column":12},"end":{"line":66,"column":null}},"35":{"start":{"line":70,"column":6},"end":{"line":70,"column":null}},"36":{"start":{"line":73,"column":4},"end":{"line":75,"column":null}},"37":{"start":{"line":74,"column":6},"end":{"line":74,"column":null}},"38":{"start":{"line":76,"column":4},"end":{"line":76,"column":null}},"39":{"start":{"line":76,"column":17},"end":{"line":76,"column":null}},"40":{"start":{"line":79,"column":2},"end":{"line":89,"column":null}}},"fnMap":{"0":{"name":"Pointer","decl":{"start":{"line":5,"column":24},"end":{"line":5,"column":32}},"loc":{"start":{"line":5,"column":69},"end":{"line":91,"column":null}}},"1":{"name":"(anonymous_1)","decl":{"start":{"line":14,"column":12},"end":{"line":14,"column":18}},"loc":{"start":{"line":14,"column":18},"end":{"line":44,"column":5}}},"2":{"name":"(anonymous_2)","decl":{"start":{"line":28,"column":37},"end":{"line":28,"column":43}},"loc":{"start":{"line":28,"column":43},"end":{"line":30,"column":null}}},"3":{"name":"(anonymous_3)","decl":{"start":{"line":38,"column":11},"end":{"line":38,"column":17}},"loc":{"start":{"line":38,"column":17},"end":{"line":43,"column":null}}},"4":{"name":"(anonymous_4)","decl":{"start":{"line":47,"column":12},"end":{"line":47,"column":18}},"loc":{"start":{"line":47,"column":18},"end":{"line":77,"column":5}}},"5":{"name":"(anonymous_5)","decl":{"start":{"line":48,"column":28},"end":{"line":48,"column":34}},"loc":{"start":{"line":48,"column":34},"end":{"line":71,"column":null}}},"6":{"name":"(anonymous_6)","decl":{"start":{"line":60,"column":23},"end":{"line":60,"column":24}},"loc":{"start":{"line":60,"column":38},"end":{"line":60,"column":51}}},"7":{"name":"(anonymous_7)","decl":{"start":{"line":76,"column":11},"end":{"line":76,"column":17}},"loc":{"start":{"line":76,"column":17},"end":{"line":76,"column":null}}}},"branchMap":{"0":{"loc":{"start":{"line":15,"column":4},"end":{"line":18,"column":null}},"type":"if","locations":[{"start":{"line":15,"column":4},"end":{"line":18,"column":null}},{"start":{},"end":{}}]},"1":{"loc":{"start":{"line":31,"column":4},"end":{"line":36,"column":null}},"type":"if","locations":[{"start":{"line":31,"column":4},"end":{"line":36,"column":null}},{"start":{},"end":{}}]},"2":{"loc":{"start":{"line":51,"column":6},"end":{"line":69,"column":null}},"type":"if","locations":[{"start":{"line":51,"column":6},"end":{"line":69,"column":null}},{"start":{},"end":{}}]},"3":{"loc":{"start":{"line":51,"column":10},"end":{"line":51,"column":54}},"type":"binary-expr","locations":[{"start":{"line":51,"column":10},"end":{"line":51,"column":21}},{"start":{"line":51,"column":21},"end":{"line":51,"column":41}},{"start":{"line":51,"column":41},"end":{"line":51,"column":54}}]},"4":{"loc":{"start":{"line":55,"column":8},"end":{"line":68,"column":null}},"type":"if","locations":[{"start":{"line":55,"column":8},"end":{"line":68,"column":null}},{"start":{},"end":{}}]},"5":{"loc":{"start":{"line":56,"column":10},"end":{"line":57,"column":null}},"type":"binary-expr","locations":[{"start":{"line":56,"column":10},"end":{"line":56,"column":null}},{"start":{"line":57,"column":10},"end":{"line":57,"column":null}}]},"6":{"loc":{"start":{"line":61,"column":10},"end":{"line":67,"column":null}},"type":"if","locations":[{"start":{"line":61,"column":10},"end":{"line":67,"column":null}},{"start":{"line":63,"column":10},"end":{"line":67,"column":null}}]},"7":{"loc":{"start":{"line":63,"column":10},"end":{"line":67,"column":null}},"type":"if","locations":[{"start":{"line":63,"column":10},"end":{"line":67,"column":null}},{"start":{"line":65,"column":10},"end":{"line":67,"column":null}}]},"8":{"loc":{"start":{"line":65,"column":10},"end":{"line":67,"column":null}},"type":"if","locations":[{"start":{"line":65,"column":10},"end":{"line":67,"column":null}},{"start":{},"end":{}}]},"9":{"loc":{"start":{"line":73,"column":4},"end":{"line":75,"column":null}},"type":"if","locations":[{"start":{"line":73,"column":4},"end":{"line":75,"column":null}},{"start":{},"end":{}}]},"10":{"loc":{"start":{"line":83,"column":8},"end":{"line":83,"column":null}},"type":"cond-expr","locations":[{"start":{"line":83,"column":24},"end":{"line":83,"column":42}},{"start":{"line":83,"column":42},"end":{"line":83,"column":null}}]}},"s":{"0":0,"1":0,"2":0,"3":0,"4":0,"5":0,"6":0,"7":0,"8":0,"9":0,"10":0,"11":0,"12":0,"13":0,"14":0,"15":0,"16":0,"17":0,"18":0,"19":0,"20":0,"21":0,"22":0,"23":0,"24":0,"25":0,"26":0,"27":0,"28":0,"29":0,"30":0,"31":0,"32":0,"33":0,"34":0,"35":0,"36":0,"37":0,"38":0,"39":0,"40":0},"f":{"0":0,"1":0,"2":0,"3":0,"4":0,"5":0,"6":0,"7":0},"b":{"0":[0,0],"1":[0,0],"2":[0,0],"3":[0,0,0],"4":[0,0],"5":[0,0],"6":[0,0],"7":[0,0],"8":[0,0],"9":[0,0],"10":[0,0]}}
,"C:/Users/Kenny Miller/Documents/Temple/Capstone/DanglingPointers_Container/DanglingPointers/application/frontend/src/components/game-components/RecyclingBin.jsx": {"path":"C:/Users/Kenny Miller/Documents/Temple/Capstone/DanglingPointers_Container/DanglingPointers/application/frontend/src/components/game-components/RecyclingBin.jsx","statementMap":{"0":{"start":{"line":3,"column":21},"end":{"line":9,"column":null}},"1":{"start":{"line":4,"column":2},"end":{"line":7,"column":null}},"2":{"start":{"line":11,"column":0},"end":{"line":11,"column":null}}},"fnMap":{"0":{"name":"(anonymous_0)","decl":{"start":{"line":3,"column":32},"end":{"line":3,"column":33}},"loc":{"start":{"line":3,"column":44},"end":{"line":9,"column":1}}}},"branchMap":{},"s":{"0":0,"1":0,"2":0},"f":{"0":0},"b":{}}
,"C:/Users/Kenny Miller/Documents/Temple/Capstone/DanglingPointers_Container/DanglingPointers/application/frontend/src/components/game-components/Stack.jsx": {"path":"C:/Users/Kenny Miller/Documents/Temple/Capstone/DanglingPointers_Container/DanglingPointers/application/frontend/src/components/game-components/Stack.jsx","statementMap":{"0":{"start":{"line":7,"column":14},"end":{"line":110,"column":null}},"1":{"start":{"line":12,"column":6},"end":{"line":12,"column":null}},"2":{"start":{"line":13,"column":34},"end":{"line":13,"column":null}},"3":{"start":{"line":21,"column":6},"end":{"line":21,"column":null}},"4":{"start":{"line":23,"column":2},"end":{"line":98,"column":null}},"5":{"start":{"line":24,"column":4},"end":{"line":24,"column":null}},"6":{"start":{"line":24,"column":46},"end":{"line":24,"column":null}},"7":{"start":{"line":27,"column":4},"end":{"line":27,"column":null}},"8":{"start":{"line":29,"column":29},"end":{"line":29,"column":null}},"9":{"start":{"line":31,"column":24},"end":{"line":82,"column":null}},"10":{"start":{"line":32,"column":6},"end":{"line":32,"column":null}},"11":{"start":{"line":32,"column":32},"end":{"line":32,"column":null}},"12":{"start":{"line":35,"column":8},"end":{"line":65,"column":null}},"13":{"start":{"line":40,"column":32},"end":{"line":42,"column":null}},"14":{"start":{"line":44,"column":12},"end":{"line":53,"column":null}},"15":{"start":{"line":45,"column":14},"end":{"line":45,"column":null}},"16":{"start":{"line":45,"column":42},"end":{"line":45,"column":55}},"17":{"start":{"line":47,"column":14},"end":{"line":52,"column":null}},"18":{"start":{"line":48,"column":31},"end":{"line":48,"column":null}},"19":{"start":{"line":49,"column":16},"end":{"line":49,"column":null}},"20":{"start":{"line":50,"column":16},"end":{"line":50,"column":null}},"21":{"start":{"line":51,"column":16},"end":{"line":51,"column":null}},"22":{"start":{"line":55,"column":12},"end":{"line":55,"column":null}},"23":{"start":{"line":56,"column":12},"end":{"line":63,"column":null}},"24":{"start":{"line":57,"column":33},"end":{"line":57,"column":null}},"25":{"start":{"line":59,"column":14},"end":{"line":61,"column":null}},"26":{"start":{"line":60,"column":16},"end":{"line":60,"column":null}},"27":{"start":{"line":60,"column":33},"end":{"line":60,"column":59}},"28":{"start":{"line":62,"column":14},"end":{"line":62,"column":null}},"29":{"start":{"line":69,"column":6},"end":{"line":69,"column":null}},"30":{"start":{"line":69,"column":36},"end":{"line":69,"column":65}},"31":{"start":{"line":70,"column":6},"end":{"line":70,"column":null}},"32":{"start":{"line":70,"column":48},"end":{"line":70,"column":63}},"33":{"start":{"line":71,"column":6},"end":{"line":71,"column":null}},"34":{"start":{"line":71,"column":46},"end":{"line":71,"column":61}},"35":{"start":{"line":74,"column":24},"end":{"line":74,"column":null}},"36":{"start":{"line":75,"column":25},"end":{"line":75,"column":null}},"37":{"start":{"line":78,"column":6},"end":{"line":81,"column":null}},"38":{"start":{"line":79,"column":8},"end":{"line":79,"column":null}},"39":{"start":{"line":80,"column":8},"end":{"line":80,"column":null}},"40":{"start":{"line":83,"column":19},"end":{"line":83,"column":null}},"41":{"start":{"line":84,"column":23},"end":{"line":84,"column":null}},"42":{"start":{"line":86,"column":4},"end":{"line":86,"column":null}},"43":{"start":{"line":86,"column":17},"end":{"line":86,"column":null}},"44":{"start":{"line":100,"column":2},"end":{"line":108,"column":null}},"45":{"start":{"line":105,"column":10},"end":{"line":105,"column":null}},"46":{"start":{"line":112,"column":0},"end":{"line":112,"column":null}}},"fnMap":{"0":{"name":"(anonymous_0)","decl":{"start":{"line":7,"column":25},"end":{"line":7,"column":26}},"loc":{"start":{"line":7,"column":37},"end":{"line":110,"column":1}}},"1":{"name":"(anonymous_1)","decl":{"start":{"line":23,"column":12},"end":{"line":23,"column":18}},"loc":{"start":{"line":23,"column":18},"end":{"line":87,"column":5}}},"2":{"name":"(anonymous_2)","decl":{"start":{"line":31,"column":24},"end":{"line":31,"column":30}},"loc":{"start":{"line":31,"column":30},"end":{"line":82,"column":null}}},"3":{"name":"(anonymous_3)","decl":{"start":{"line":39,"column":32},"end":{"line":39,"column":38}},"loc":{"start":{"line":39,"column":38},"end":{"line":64,"column":null}}},"4":{"name":"(anonymous_4)","decl":{"start":{"line":45,"column":27},"end":{"line":45,"column":28}},"loc":{"start":{"line":45,"column":42},"end":{"line":45,"column":55}}},"5":{"name":"(anonymous_5)","decl":{"start":{"line":47,"column":27},"end":{"line":47,"column":28}},"loc":{"start":{"line":47,"column":38},"end":{"line":52,"column":15}}},"6":{"name":"(anonymous_6)","decl":{"start":{"line":56,"column":37},"end":{"line":56,"column":38}},"loc":{"start":{"line":56,"column":54},"end":{"line":63,"column":13}}},"7":{"name":"(anonymous_7)","decl":{"start":{"line":60,"column":27},"end":{"line":60,"column":33}},"loc":{"start":{"line":60,"column":33},"end":{"line":60,"column":59}}},"8":{"name":"(anonymous_8)","decl":{"start":{"line":69,"column":18},"end":{"line":69,"column":19}},"loc":{"start":{"line":69,"column":36},"end":{"line":69,"column":65}}},"9":{"name":"(anonymous_9)","decl":{"start":{"line":70,"column":31},"end":{"line":70,"column":32}},"loc":{"start":{"line":70,"column":48},"end":{"line":70,"column":63}}},"10":{"name":"(anonymous_10)","decl":{"start":{"line":71,"column":29},"end":{"line":71,"column":30}},"loc":{"start":{"line":71,"column":46},"end":{"line":71,"column":61}}},"11":{"name":"(anonymous_11)","decl":{"start":{"line":86,"column":11},"end":{"line":86,"column":17}},"loc":{"start":{"line":86,"column":17},"end":{"line":86,"column":null}}},"12":{"name":"(anonymous_12)","decl":{"start":{"line":104,"column":35},"end":{"line":104,"column":36}},"loc":{"start":{"line":105,"column":10},"end":{"line":105,"column":null}}}},"branchMap":{"0":{"loc":{"start":{"line":24,"column":4},"end":{"line":24,"column":null}},"type":"if","locations":[{"start":{"line":24,"column":4},"end":{"line":24,"column":null}},{"start":{},"end":{}}]},"1":{"loc":{"start":{"line":24,"column":8},"end":{"line":24,"column":46}},"type":"binary-expr","locations":[{"start":{"line":24,"column":8},"end":{"line":24,"column":24}},{"start":{"line":24,"column":24},"end":{"line":24,"column":46}}]},"2":{"loc":{"start":{"line":32,"column":6},"end":{"line":32,"column":null}},"type":"if","locations":[{"start":{"line":32,"column":6},"end":{"line":32,"column":null}},{"start":{},"end":{}}]},"3":{"loc":{"start":{"line":44,"column":12},"end":{"line":53,"column":null}},"type":"if","locations":[{"start":{"line":44,"column":12},"end":{"line":53,"column":null}},{"start":{"line":46,"column":19},"end":{"line":53,"column":null}}]},"4":{"loc":{"start":{"line":51,"column":23},"end":{"line":51,"column":null}},"type":"cond-expr","locations":[{"start":{"line":51,"column":41},"end":{"line":51,"column":52}},{"start":{"line":51,"column":52},"end":{"line":51,"column":null}}]},"5":{"loc":{"start":{"line":59,"column":14},"end":{"line":61,"column":null}},"type":"if","locations":[{"start":{"line":59,"column":14},"end":{"line":61,"column":null}},{"start":{},"end":{}}]},"6":{"loc":{"start":{"line":78,"column":6},"end":{"line":81,"column":null}},"type":"if","locations":[{"start":{"line":78,"column":6},"end":{"line":81,"column":null}},{"start":{},"end":{}}]}},"s":{"0":0,"1":0,"2":0,"3":0,"4":0,"5":0,"6":0,"7":0,"8":0,"9":0,"10":0,"11":0,"12":0,"13":0,"14":0,"15":0,"16":0,"17":0,"18":0,"19":0,"20":0,"21":0,"22":0,"23":0,"24":0,"25":0,"26":0,"27":0,"28":0,"29":0,"30":0,"31":0,"32":0,"33":0,"34":0,"35":0,"36":0,"37":0,"38":0,"39":0,"40":0,"41":0,"42":0,"43":0,"44":0,"45":0,"46":0},"f":{"0":0,"1":0,"2":0,"3":0,"4":0,"5":0,"6":0,"7":0,"8":0,"9":0,"10":0,"11":0,"12":0},"b":{"0":[0,0],"1":[0,0],"2":[0,0],"3":[0,0],"4":[0,0],"5":[0,0],"6":[0,0]}}
,"C:/Users/Kenny Miller/Documents/Temple/Capstone/DanglingPointers_Container/DanglingPointers/application/frontend/src/components/pages/Dashboard.jsx": {"path":"C:/Users/Kenny Miller/Documents/Temple/Capstone/DanglingPointers_Container/DanglingPointers/application/frontend/src/components/pages/Dashboard.jsx","statementMap":{"0":{"start":{"line":14,"column":21},"end":{"line":14,"column":null}},"1":{"start":{"line":15,"column":52},"end":{"line":15,"column":null}},"2":{"start":{"line":17,"column":2},"end":{"line":31,"column":null}},"3":{"start":{"line":18,"column":30},"end":{"line":29,"column":null}},"4":{"start":{"line":19,"column":6},"end":{"line":28,"column":null}},"5":{"start":{"line":20,"column":33},"end":{"line":22,"column":null}},"6":{"start":{"line":24,"column":8},"end":{"line":25,"column":null}},"7":{"start":{"line":24,"column":42},"end":{"line":24,"column":null}},"8":{"start":{"line":25,"column":13},"end":{"line":25,"column":null}},"9":{"start":{"line":27,"column":8},"end":{"line":27,"column":null}},"10":{"start":{"line":30,"column":4},"end":{"line":30,"column":null}},"11":{"start":{"line":33,"column":2},"end":{"line":59,"column":null}},"12":{"start":{"line":34,"column":15},"end":{"line":34,"column":null}},"13":{"start":{"line":36,"column":4},"end":{"line":38,"column":null}},"14":{"start":{"line":37,"column":6},"end":{"line":37,"column":null}},"15":{"start":{"line":40,"column":4},"end":{"line":46,"column":null}},"16":{"start":{"line":41,"column":22},"end":{"line":41,"column":null}},"17":{"start":{"line":42,"column":6},"end":{"line":45,"column":null}},"18":{"start":{"line":43,"column":8},"end":{"line":43,"column":null}},"19":{"start":{"line":44,"column":8},"end":{"line":44,"column":null}},"20":{"start":{"line":48,"column":4},"end":{"line":50,"column":null}},"21":{"start":{"line":49,"column":6},"end":{"line":49,"column":null}},"22":{"start":{"line":52,"column":4},"end":{"line":54,"column":null}},"23":{"start":{"line":53,"column":6},"end":{"line":53,"column":null}},"24":{"start":{"line":56,"column":4},"end":{"line":58,"column":null}},"25":{"start":{"line":57,"column":6},"end":{"line":57,"column":null}},"26":{"start":{"line":61,"column":2},"end":{"line":63,"column":null}},"27":{"start":{"line":62,"column":4},"end":{"line":62,"column":null}},"28":{"start":{"line":64,"column":2},"end":{"line":72,"column":null}}},"fnMap":{"0":{"name":"Dashboard","decl":{"start":{"line":13,"column":24},"end":{"line":13,"column":36}},"loc":{"start":{"line":13,"column":36},"end":{"line":74,"column":null}}},"1":{"name":"(anonymous_1)","decl":{"start":{"line":17,"column":12},"end":{"line":17,"column":18}},"loc":{"start":{"line":17,"column":18},"end":{"line":31,"column":5}}},"2":{"name":"(anonymous_2)","decl":{"start":{"line":18,"column":30},"end":{"line":18,"column":42}},"loc":{"start":{"line":18,"column":42},"end":{"line":29,"column":null}}},"3":{"name":"(anonymous_3)","decl":{"start":{"line":33,"column":12},"end":{"line":33,"column":18}},"loc":{"start":{"line":33,"column":18},"end":{"line":59,"column":5}}},"4":{"name":"(anonymous_4)","decl":{"start":{"line":36,"column":16},"end":{"line":36,"column":22}},"loc":{"start":{"line":36,"column":22},"end":{"line":38,"column":null}}},"5":{"name":"(anonymous_5)","decl":{"start":{"line":40,"column":19},"end":{"line":40,"column":20}},"loc":{"start":{"line":40,"column":30},"end":{"line":46,"column":null}}},"6":{"name":"(anonymous_6)","decl":{"start":{"line":48,"column":17},"end":{"line":48,"column":23}},"loc":{"start":{"line":48,"column":23},"end":{"line":50,"column":null}}},"7":{"name":"(anonymous_7)","decl":{"start":{"line":52,"column":17},"end":{"line":52,"column":18}},"loc":{"start":{"line":52,"column":28},"end":{"line":54,"column":null}}},"8":{"name":"(anonymous_8)","decl":{"start":{"line":56,"column":11},"end":{"line":56,"column":17}},"loc":{"start":{"line":56,"column":17},"end":{"line":58,"column":null}}}},"branchMap":{"0":{"loc":{"start":{"line":24,"column":8},"end":{"line":25,"column":null}},"type":"if","locations":[{"start":{"line":24,"column":8},"end":{"line":25,"column":null}},{"start":{"line":25,"column":13},"end":{"line":25,"column":null}}]},"1":{"loc":{"start":{"line":42,"column":6},"end":{"line":45,"column":null}},"type":"if","locations":[{"start":{"line":42,"column":6},"end":{"line":45,"column":null}},{"start":{},"end":{}}]},"2":{"loc":{"start":{"line":61,"column":2},"end":{"line":63,"column":null}},"type":"if","locations":[{"start":{"line":61,"column":2},"end":{"line":63,"column":null}},{"start":{},"end":{}}]}},"s":{"0":0,"1":0,"2":0,"3":0,"4":0,"5":0,"6":0,"7":0,"8":0,"9":0,"10":0,"11":0,"12":0,"13":0,"14":0,"15":0,"16":0,"17":0,"18":0,"19":0,"20":0,"21":0,"22":0,"23":0,"24":0,"25":0,"26":0,"27":0,"28":0},"f":{"0":0,"1":0,"2":0,"3":0,"4":0,"5":0,"6":0,"7":0,"8":0},"b":{"0":[0,0],"1":[0,0],"2":[0,0]}}
,"C:/Users/Kenny Miller/Documents/Temple/Capstone/DanglingPointers_Container/DanglingPointers/application/frontend/src/components/pages/ErrorPage.jsx": {"path":"C:/Users/Kenny Miller/Documents/Temple/Capstone/DanglingPointers_Container/DanglingPointers/application/frontend/src/components/pages/ErrorPage.jsx","statementMap":{"0":{"start":{"line":2,"column":2},"end":{"line":8,"column":null}}},"fnMap":{"0":{"name":"ErrorPage","decl":{"start":{"line":1,"column":24},"end":{"line":1,"column":36}},"loc":{"start":{"line":1,"column":36},"end":{"line":10,"column":null}}}},"branchMap":{},"s":{"0":0},"f":{"0":0},"b":{}}
,"C:/Users/Kenny Miller/Documents/Temple/Capstone/DanglingPointers_Container/DanglingPointers/application/frontend/src/components/pages/Game.jsx": {"path":"C:/Users/Kenny Miller/Documents/Temple/Capstone/DanglingPointers_Container/DanglingPointers/application/frontend/src/components/pages/Game.jsx","statementMap":{"0":{"start":{"line":29,"column":6},"end":{"line":29,"column":null}},"1":{"start":{"line":31,"column":27},"end":{"line":31,"column":null}},"2":{"start":{"line":33,"column":21},"end":{"line":33,"column":null}},"3":{"start":{"line":34,"column":36},"end":{"line":34,"column":null}},"4":{"start":{"line":35,"column":44},"end":{"line":35,"column":null}},"5":{"start":{"line":36,"column":38},"end":{"line":36,"column":null}},"6":{"start":{"line":37,"column":22},"end":{"line":37,"column":null}},"7":{"start":{"line":38,"column":19},"end":{"line":38,"column":null}},"8":{"start":{"line":39,"column":30},"end":{"line":39,"column":null}},"9":{"start":{"line":40,"column":26},"end":{"line":40,"column":null}},"10":{"start":{"line":43,"column":26},"end":{"line":52,"column":null}},"11":{"start":{"line":44,"column":4},"end":{"line":44,"column":null}},"12":{"start":{"line":44,"column":21},"end":{"line":44,"column":null}},"13":{"start":{"line":45,"column":4},"end":{"line":45,"column":null}},"14":{"start":{"line":46,"column":4},"end":{"line":46,"column":null}},"15":{"start":{"line":47,"column":4},"end":{"line":47,"column":null}},"16":{"start":{"line":48,"column":4},"end":{"line":48,"column":null}},"17":{"start":{"line":49,"column":4},"end":{"line":49,"column":null}},"18":{"start":{"line":50,"column":4},"end":{"line":50,"column":null}},"19":{"start":{"line":51,"column":4},"end":{"line":51,"column":null}},"20":{"start":{"line":54,"column":25},"end":{"line":56,"column":null}},"21":{"start":{"line":55,"column":4},"end":{"line":55,"column":null}},"22":{"start":{"line":59,"column":2},"end":{"line":74,"column":null}},"23":{"start":{"line":60,"column":4},"end":{"line":73,"column":null}},"24":{"start":{"line":61,"column":25},"end":{"line":63,"column":null}},"25":{"start":{"line":62,"column":8},"end":{"line":62,"column":null}},"26":{"start":{"line":62,"column":31},"end":{"line":62,"column":43}},"27":{"start":{"line":65,"column":6},"end":{"line":65,"column":null}},"28":{"start":{"line":67,"column":6},"end":{"line":69,"column":null}},"29":{"start":{"line":68,"column":8},"end":{"line":68,"column":null}},"30":{"start":{"line":70,"column":4},"end":{"line":73,"column":null}},"31":{"start":{"line":71,"column":6},"end":{"line":71,"column":null}},"32":{"start":{"line":72,"column":6},"end":{"line":72,"column":null}},"33":{"start":{"line":77,"column":2},"end":{"line":112,"column":null}},"34":{"start":{"line":79,"column":25},"end":{"line":96,"column":null}},"35":{"start":{"line":80,"column":6},"end":{"line":95,"column":null}},"36":{"start":{"line":81,"column":8},"end":{"line":94,"column":null}},"37":{"start":{"line":82,"column":27},"end":{"line":88,"column":null}},"38":{"start":{"line":89,"column":10},"end":{"line":89,"column":null}},"39":{"start":{"line":89,"column":38},"end":{"line":89,"column":59}},"40":{"start":{"line":91,"column":10},"end":{"line":91,"column":null}},"41":{"start":{"line":93,"column":10},"end":{"line":93,"column":null}},"42":{"start":{"line":98,"column":4},"end":{"line":101,"column":null}},"43":{"start":{"line":99,"column":6},"end":{"line":99,"column":null}},"44":{"start":{"line":100,"column":6},"end":{"line":100,"column":null}},"45":{"start":{"line":115,"column":2},"end":{"line":144,"column":null}},"46":{"start":{"line":116,"column":27},"end":{"line":141,"column":null}},"47":{"start":{"line":117,"column":6},"end":{"line":140,"column":null}},"48":{"start":{"line":118,"column":8},"end":{"line":139,"column":null}},"49":{"start":{"line":119,"column":35},"end":{"line":121,"column":null}},"50":{"start":{"line":122,"column":26},"end":{"line":122,"column":null}},"51":{"start":{"line":124,"column":31},"end":{"line":124,"column":null}},"52":{"start":{"line":126,"column":31},"end":{"line":131,"column":null}},"53":{"start":{"line":127,"column":33},"end":{"line":129,"column":null}},"54":{"start":{"line":130,"column":12},"end":{"line":130,"column":null}},"55":{"start":{"line":133,"column":32},"end":{"line":133,"column":null}},"56":{"start":{"line":134,"column":10},"end":{"line":134,"column":null}},"57":{"start":{"line":136,"column":10},"end":{"line":136,"column":null}},"58":{"start":{"line":138,"column":10},"end":{"line":138,"column":null}},"59":{"start":{"line":143,"column":4},"end":{"line":143,"column":null}},"60":{"start":{"line":147,"column":2},"end":{"line":166,"column":null}},"61":{"start":{"line":148,"column":26},"end":{"line":158,"column":null}},"62":{"start":{"line":149,"column":6},"end":{"line":157,"column":null}},"63":{"start":{"line":150,"column":8},"end":{"line":150,"column":null}},"64":{"start":{"line":151,"column":14},"end":{"line":153,"column":null}},"65":{"start":{"line":154,"column":8},"end":{"line":154,"column":null}},"66":{"start":{"line":155,"column":6},"end":{"line":157,"column":null}},"67":{"start":{"line":156,"column":8},"end":{"line":156,"column":null}},"68":{"start":{"line":161,"column":4},"end":{"line":161,"column":null}},"69":{"start":{"line":163,"column":4},"end":{"line":165,"column":null}},"70":{"start":{"line":164,"column":6},"end":{"line":164,"column":null}},"71":{"start":{"line":168,"column":2},"end":{"line":217,"column":null}}},"fnMap":{"0":{"name":"Game","decl":{"start":{"line":12,"column":24},"end":{"line":12,"column":31}},"loc":{"start":{"line":12,"column":31},"end":{"line":219,"column":null}}},"1":{"name":"(anonymous_1)","decl":{"start":{"line":43,"column":26},"end":{"line":43,"column":32}},"loc":{"start":{"line":43,"column":32},"end":{"line":52,"column":null}}},"2":{"name":"(anonymous_2)","decl":{"start":{"line":54,"column":25},"end":{"line":54,"column":31}},"loc":{"start":{"line":54,"column":31},"end":{"line":56,"column":null}}},"3":{"name":"(anonymous_3)","decl":{"start":{"line":59,"column":12},"end":{"line":59,"column":18}},"loc":{"start":{"line":59,"column":18},"end":{"line":74,"column":5}}},"4":{"name":"(anonymous_4)","decl":{"start":{"line":61,"column":37},"end":{"line":61,"column":43}},"loc":{"start":{"line":61,"column":43},"end":{"line":63,"column":9}}},"5":{"name":"(anonymous_5)","decl":{"start":{"line":62,"column":17},"end":{"line":62,"column":18}},"loc":{"start":{"line":62,"column":31},"end":{"line":62,"column":43}}},"6":{"name":"(anonymous_6)","decl":{"start":{"line":67,"column":13},"end":{"line":67,"column":19}},"loc":{"start":{"line":67,"column":19},"end":{"line":69,"column":null}}},"7":{"name":"(anonymous_7)","decl":{"start":{"line":77,"column":12},"end":{"line":77,"column":18}},"loc":{"start":{"line":77,"column":18},"end":{"line":102,"column":5}}},"8":{"name":"(anonymous_8)","decl":{"start":{"line":79,"column":25},"end":{"line":79,"column":37}},"loc":{"start":{"line":79,"column":37},"end":{"line":96,"column":null}}},"9":{"name":"(anonymous_9)","decl":{"start":{"line":89,"column":23},"end":{"line":89,"column":24}},"loc":{"start":{"line":89,"column":38},"end":{"line":89,"column":59}}},"10":{"name":"(anonymous_10)","decl":{"start":{"line":115,"column":12},"end":{"line":115,"column":18}},"loc":{"start":{"line":115,"column":18},"end":{"line":144,"column":5}}},"11":{"name":"(anonymous_11)","decl":{"start":{"line":116,"column":27},"end":{"line":116,"column":39}},"loc":{"start":{"line":116,"column":39},"end":{"line":141,"column":null}}},"12":{"name":"(anonymous_12)","decl":{"start":{"line":126,"column":43},"end":{"line":126,"column":50}},"loc":{"start":{"line":126,"column":61},"end":{"line":131,"column":11}}},"13":{"name":"(anonymous_13)","decl":{"start":{"line":147,"column":12},"end":{"line":147,"column":18}},"loc":{"start":{"line":147,"column":18},"end":{"line":166,"column":5}}},"14":{"name":"(anonymous_14)","decl":{"start":{"line":148,"column":26},"end":{"line":148,"column":27}},"loc":{"start":{"line":148,"column":37},"end":{"line":158,"column":null}}},"15":{"name":"(anonymous_15)","decl":{"start":{"line":163,"column":11},"end":{"line":163,"column":17}},"loc":{"start":{"line":163,"column":17},"end":{"line":165,"column":null}}}},"branchMap":{"0":{"loc":{"start":{"line":44,"column":4},"end":{"line":44,"column":null}},"type":"if","locations":[{"start":{"line":44,"column":4},"end":{"line":44,"column":null}},{"start":{},"end":{}}]},"1":{"loc":{"start":{"line":60,"column":4},"end":{"line":73,"column":null}},"type":"if","locations":[{"start":{"line":60,"column":4},"end":{"line":73,"column":null}},{"start":{"line":70,"column":4},"end":{"line":73,"column":null}}]},"2":{"loc":{"start":{"line":60,"column":8},"end":{"line":60,"column":43}},"type":"binary-expr","locations":[{"start":{"line":60,"column":8},"end":{"line":60,"column":23}},{"start":{"line":60,"column":23},"end":{"line":60,"column":43}}]},"3":{"loc":{"start":{"line":70,"column":4},"end":{"line":73,"column":null}},"type":"if","locations":[{"start":{"line":70,"column":4},"end":{"line":73,"column":null}},{"start":{},"end":{}}]},"4":{"loc":{"start":{"line":70,"column":15},"end":{"line":70,"column":71}},"type":"binary-expr","locations":[{"start":{"line":70,"column":15},"end":{"line":70,"column":31}},{"start":{"line":70,"column":31},"end":{"line":70,"column":54}},{"start":{"line":70,"column":54},"end":{"line":70,"column":71}}]},"5":{"loc":{"start":{"line":80,"column":6},"end":{"line":95,"column":null}},"type":"if","locations":[{"start":{"line":80,"column":6},"end":{"line":95,"column":null}},{"start":{},"end":{}}]},"6":{"loc":{"start":{"line":98,"column":4},"end":{"line":101,"column":null}},"type":"if","locations":[{"start":{"line":98,"column":4},"end":{"line":101,"column":null}},{"start":{},"end":{}}]},"7":{"loc":{"start":{"line":98,"column":8},"end":{"line":98,"column":49}},"type":"binary-expr","locations":[{"start":{"line":98,"column":8},"end":{"line":98,"column":27}},{"start":{"line":98,"column":27},"end":{"line":98,"column":49}}]},"8":{"loc":{"start":{"line":117,"column":6},"end":{"line":140,"column":null}},"type":"if","locations":[{"start":{"line":117,"column":6},"end":{"line":140,"column":null}},{"start":{},"end":{}}]},"9":{"loc":{"start":{"line":149,"column":6},"end":{"line":157,"column":null}},"type":"if","locations":[{"start":{"line":149,"column":6},"end":{"line":157,"column":null}},{"start":{"line":155,"column":6},"end":{"line":157,"column":null}}]},"10":{"loc":{"start":{"line":152,"column":28},"end":{"line":152,"column":55}},"type":"cond-expr","locations":[{"start":{"line":152,"column":45},"end":{"line":152,"column":50}},{"start":{"line":152,"column":50},"end":{"line":152,"column":55}}]},"11":{"loc":{"start":{"line":155,"column":6},"end":{"line":157,"column":null}},"type":"if","locations":[{"start":{"line":155,"column":6},"end":{"line":157,"column":null}},{"start":{},"end":{}}]},"12":{"loc":{"start":{"line":191,"column":26},"end":{"line":191,"column":null}},"type":"cond-expr","locations":[{"start":{"line":191,"column":40},"end":{"line":191,"column":48}},{"start":{"line":191,"column":48},"end":{"line":191,"column":null}}]},"13":{"loc":{"start":{"line":193,"column":22},"end":{"line":193,"column":null}},"type":"cond-expr","locations":[{"start":{"line":193,"column":36},"end":{"line":193,"column":52}},{"start":{"line":193,"column":52},"end":{"line":193,"column":null}}]},"14":{"loc":{"start":{"line":196,"column":13},"end":{"line":196,"column":null}},"type":"cond-expr","locations":[{"start":{"line":196,"column":27},"end":{"line":196,"column":49}},{"start":{"line":196,"column":49},"end":{"line":196,"column":null}}]},"15":{"loc":{"start":{"line":202,"column":26},"end":{"line":202,"column":null}},"type":"cond-expr","locations":[{"start":{"line":202,"column":40},"end":{"line":202,"column":50}},{"start":{"line":202,"column":50},"end":{"line":202,"column":null}}]},"16":{"loc":{"start":{"line":204,"column":22},"end":{"line":204,"column":null}},"type":"cond-expr","locations":[{"start":{"line":204,"column":36},"end":{"line":204,"column":48}},{"start":{"line":204,"column":48},"end":{"line":204,"column":null}}]}},"s":{"0":0,"1":0,"2":0,"3":0,"4":0,"5":0,"6":0,"7":0,"8":0,"9":0,"10":0,"11":0,"12":0,"13":0,"14":0,"15":0,"16":0,"17":0,"18":0,"19":0,"20":0,"21":0,"22":0,"23":0,"24":0,"25":0,"26":0,"27":0,"28":0,"29":0,"30":0,"31":0,"32":0,"33":0,"34":0,"35":0,"36":0,"37":0,"38":0,"39":0,"40":0,"41":0,"42":0,"43":0,"44":0,"45":0,"46":0,"47":0,"48":0,"49":0,"50":0,"51":0,"52":0,"53":0,"54":0,"55":0,"56":0,"57":0,"58":0,"59":0,"60":0,"61":0,"62":0,"63":0,"64":0,"65":0,"66":0,"67":0,"68":0,"69":0,"70":0,"71":0},"f":{"0":0,"1":0,"2":0,"3":0,"4":0,"5":0,"6":0,"7":0,"8":0,"9":0,"10":0,"11":0,"12":0,"13":0,"14":0,"15":0},"b":{"0":[0,0],"1":[0,0],"2":[0,0],"3":[0,0],"4":[0,0,0],"5":[0,0],"6":[0,0],"7":[0,0],"8":[0,0],"9":[0,0],"10":[0,0],"11":[0,0],"12":[0,0],"13":[0,0],"14":[0,0],"15":[0,0],"16":[0,0]}}
,"C:/Users/Kenny Miller/Documents/Temple/Capstone/DanglingPointers_Container/DanglingPointers/application/frontend/src/components/pages/Home.jsx": {"path":"C:/Users/Kenny Miller/Documents/Temple/Capstone/DanglingPointers_Container/DanglingPointers/application/frontend/src/components/pages/Home.jsx","statementMap":{"0":{"start":{"line":8,"column":2},"end":{"line":15,"column":null}}},"fnMap":{"0":{"name":"Home","decl":{"start":{"line":7,"column":24},"end":{"line":7,"column":31}},"loc":{"start":{"line":7,"column":31},"end":{"line":17,"column":null}}}},"branchMap":{},"s":{"0":0},"f":{"0":0},"b":{}}
,"C:/Users/Kenny Miller/Documents/Temple/Capstone/DanglingPointers_Container/DanglingPointers/application/frontend/src/components/pages/Leaderboards.jsx": {"path":"C:/Users/Kenny Miller/Documents/Temple/Capstone/DanglingPointers_Container/DanglingPointers/application/frontend/src/components/pages/Leaderboards.jsx","statementMap":{"0":{"start":{"line":6,"column":4},"end":{"line":14,"column":null}}},"fnMap":{"0":{"name":"Leaderboards","decl":{"start":{"line":5,"column":24},"end":{"line":5,"column":39}},"loc":{"start":{"line":5,"column":39},"end":{"line":16,"column":null}}}},"branchMap":{},"s":{"0":0},"f":{"0":0},"b":{}}
[...]
/Documents/Temple/Capstone/DanglingPointers_Container/DanglingPointers/application/frontend/src/components/views/LeaderboardsVersus.jsx": {"path":"C:/Users/Kenny Miller/Documents/Temple/Capstone/DanglingPointers_Container/DanglingPointers/application/frontend/src/components/views/LeaderboardsVersus.jsx","statementMap":{"0":{"start":{"line":8,"column":54},"end":{"line":8,"column":null}},"1":{"start":{"line":10,"column":2},"end":{"line":25,"column":null}},"2":{"start":{"line":11,"column":23},"end":{"line":22,"column":null}},"3":{"start":{"line":12,"column":6},"end":{"line":21,"column":null}},"4":{"start":{"line":13,"column":31},"end":{"line":15,"column":null}},"5":{"start":{"line":17,"column":8},"end":{"line":17,"column":null}},"6":{"start":{"line":20,"column":16},"end":{"line":20,"column":null}},"7":{"start":{"line":24,"column":8},"end":{"line":24,"column":null}},"8":{"start":{"line":27,"column":0},"end":{"line":54,"column":null}},"9":{"start":{"line":39,"column":24},"end":{"line":47,"column":null}}},"fnMap":{"0":{"name":"LeaderboardsVersus","decl":{"start":{"line":7,"column":24},"end":{"line":7,"column":45}},"loc":{"start":{"line":7,"column":45},"end":{"line":56,"column":null}}},"1":{"name":"(anonymous_1)","decl":{"start":{"line":10,"column":12},"end":{"line":10,"column":18}},"loc":{"start":{"line":10,"column":18},"end":{"line":25,"column":7}}},"2":{"name":"(anonymous_2)","decl":{"start":{"line":11,"column":23},"end":{"line":11,"column":35}},"loc":{"start":{"line":11,"column":35},"end":{"line":22,"column":null}}},"3":{"name":"(anonymous_3)","decl":{"start":{"line":38,"column":48},"end":{"line":38,"column":49}},"loc":{"start":{"line":39,"column":24},"end":{"line":47,"column":null}}}},"branchMap":{"0":{"loc":{"start":{"line":36,"column":17},"end":{"line":51,"column":null}},"type":"cond-expr","locations":[{"start":{"line":37,"column":20},"end":{"line":49,"column":null}},{"start":{"line":51,"column":16},"end":{"line":51,"column":null}}]}},"s":{"0":0,"1":0,"2":0,"3":0,"4":0,"5":0,"6":0,"7":0,"8":0,"9":0},"f":{"0":0,"1":0,"2":0,"3":0},"b":{"0":[0,0]}}
,"C:/Users/Kenny Miller/Documents/Temple/Capstone/DanglingPointers_Container/DanglingPointers/application/frontend/src/components/views/LobbyPreview.jsx": {"path":"C:/Users/Kenny Miller/Documents/Temple/Capstone/DanglingPointers_Container/DanglingPointers/application/frontend/src/components/views/LobbyPreview.jsx","statementMap":{"0":{"start":{"line":7,"column":38},"end":{"line":7,"column":null}},"1":{"start":{"line":9,"column":2},"end":{"line":20,"column":null}},"2":{"start":{"line":10,"column":23},"end":{"line":17,"column":null}},"3":{"start":{"line":11,"column":6},"end":{"line":16,"column":null}},"4":{"start":{"line":12,"column":30},"end":{"line":12,"column":null}},"5":{"start":{"line":13,"column":8},"end":{"line":13,"column":null}},"6":{"start":{"line":15,"column":8},"end":{"line":15,"column":null}},"7":{"start":{"line":19,"column":4},"end":{"line":19,"column":null}},"8":{"start":{"line":22,"column":2},"end":{"line":49,"column":null}},"9":{"start":{"line":32,"column":14},"end":{"line":42,"column":null}}},"fnMap":{"0":{"name":"LobbyPreview","decl":{"start":{"line":6,"column":24},"end":{"line":6,"column":39}},"loc":{"start":{"line":6,"column":39},"end":{"line":51,"column":null}}},"1":{"name":"(anonymous_1)","decl":{"start":{"line":9,"column":12},"end":{"line":9,"column":18}},"loc":{"start":{"line":9,"column":18},"end":{"line":20,"column":5}}},"2":{"name":"(anonymous_2)","decl":{"start":{"line":10,"column":23},"end":{"line":10,"column":35}},"loc":{"start":{"line":10,"column":35},"end":{"line":17,"column":null}}},"3":{"name":"(anonymous_3)","decl":{"start":{"line":31,"column":28},"end":{"line":31,"column":29}},"loc":{"start":{"line":32,"column":14},"end":{"line":42,"column":null}}}},"branchMap":{"0":{"loc":{"start":{"line":29,"column":9},"end":{"line":46,"column":null}},"type":"cond-expr","locations":[{"start":{"line":30,"column":10},"end":{"line":44,"column":null}},{"start":{"line":46,"column":10},"end":{"line":46,"column":null}}]}},"s":{"0":0,"1":0,"2":0,"3":0,"4":0,"5":0,"6":0,"7":0,"8":0,"9":0},"f":{"0":0,"1":0,"2":0,"3":0},"b":{"0":[0,0]}}
,"C:/Users/Kenny Miller/Documents/Temple/Capstone/DanglingPointers_Container/DanglingPointers/application/frontend/src/components/views/WatchPreview.jsx": {"path":"C:/Users/Kenny Miller/Documents/Temple/Capstone/DanglingPointers_Container/DanglingPointers/application/frontend/src/components/views/WatchPreview.jsx","statementMap":{"0":{"start":{"line":8,"column":38},"end":{"line":8,"column":null}},"1":{"start":{"line":10,"column":2},"end":{"line":24,"column":null}},"2":{"start":{"line":11,"column":23},"end":{"line":21,"column":null}},"3":{"start":{"line":12,"column":6},"end":{"line":20,"column":null}},"4":{"start":{"line":13,"column":30},"end":{"line":13,"column":null}},"5":{"start":{"line":15,"column":8},"end":{"line":17,"column":null}},"6":{"start":{"line":19,"column":8},"end":{"line":19,"column":null}},"7":{"start":{"line":23,"column":4},"end":{"line":23,"column":null}},"8":{"start":{"line":26,"column":2},"end":{"line":58,"column":null}},"9":{"start":{"line":38,"column":14},"end":{"line":48,"column":null}}},"fnMap":{"0":{"name":"WatchPreview","decl":{"start":{"line":7,"column":24},"end":{"line":7,"column":39}},"loc":{"start":{"line":7,"column":39},"end":{"line":60,"column":null}}},"1":{"name":"(anonymous_1)","decl":{"start":{"line":10,"column":12},"end":{"line":10,"column":18}},"loc":{"start":{"line":10,"column":18},"end":{"line":24,"column":5}}},"2":{"name":"(anonymous_2)","decl":{"start":{"line":11,"column":23},"end":{"line":11,"column":35}},"loc":{"start":{"line":11,"column":35},"end":{"line":21,"column":null}}},"3":{"name":"(anonymous_3)","decl":{"start":{"line":37,"column":28},"end":{"line":37,"column":29}},"loc":{"start":{"line":38,"column":14},"end":{"line":48,"column":null}}}},"branchMap":{"0":{"loc":{"start":{"line":16,"column":10},"end":{"line":16,"column":null}},"type":"cond-expr","locations":[{"start":{"line":16,"column":31},"end":{"line":16,"column":65}},{"start":{"line":16,"column":65},"end":{"line":16,"column":null}}]},"1":{"loc":{"start":{"line":35,"column":9},"end":{"line":52,"column":null}},"type":"cond-expr","locations":[{"start":{"line":36,"column":10},"end":{"line":50,"column":null}},{"start":{"line":52,"column":10},"end":{"line":52,"column":null}}]}},"s":{"0":0,"1":0,"2":0,"3":0,"4":0,"5":0,"6":0,"7":0,"8":0,"9":0},"f":{"0":0,"1":0,"2":0,"3":0},"b":{"0":[0,0],"1":[0,0]}}
,"C:/Users/Kenny Miller/Documents/Temple/Capstone/DanglingPointers_Container/DanglingPointers/application/frontend/src/context/GameContext.jsx": {"path":"C:/Users/Kenny Miller/Documents/Temple/Capstone/DanglingPointers_Container/DanglingPointers/application/frontend/src/context/GameContext.jsx","statementMap":{"0":{"start":{"line":4,"column":20},"end":{"line":4,"column":null}},"1":{"start":{"line":6,"column":28},"end":{"line":43,"column":null}},"2":{"start":{"line":7,"column":28},"end":{"line":7,"column":null}},"3":{"start":{"line":8,"column":34},"end":{"line":8,"column":null}},"4":{"start":{"line":9,"column":36},"end":{"line":9,"column":null}},"5":{"start":{"line":10,"column":60},"end":{"line":10,"column":null}},"6":{"start":{"line":11,"column":56},"end":{"line":11,"column":null}},"7":{"start":{"line":12,"column":36},"end":{"line":12,"column":null}},"8":{"start":{"line":13,"column":46},"end":{"line":13,"column":null}},"9":{"start":{"line":14,"column":40},"end":{"line":14,"column":null}},"10":{"start":{"line":15,"column":48},"end":{"line":15,"column":null}},"11":{"start":{"line":17,"column":2},"end":{"line":41,"column":null}}},"fnMap":{"0":{"name":"(anonymous_0)","decl":{"start":{"line":6,"column":28},"end":{"line":6,"column":29}},"loc":{"start":{"line":6,"column":46},"end":{"line":43,"column":null}}}},"branchMap":{},"s":{"0":0,"1":0,"2":0,"3":0,"4":0,"5":0,"6":0,"7":0,"8":0,"9":0,"10":0,"11":0},"f":{"0":0},"b":{}}
,"C:/Users/Kenny Miller/Documents/Temple/Capstone/DanglingPointers_Container/DanglingPointers/application/frontend/src/layouts/DefaultLayout.jsx": {"path":"C:/Users/Kenny Miller/Documents/Temple/Capstone/DanglingPointers_Container/DanglingPointers/application/frontend/src/layouts/DefaultLayout.jsx","statementMap":{"0":{"start":{"line":5,"column":2},"end":{"line":11,"column":null}}},"fnMap":{"0":{"name":"DefaultLayout","decl":{"start":{"line":4,"column":24},"end":{"line":4,"column":40}},"loc":{"start":{"line":4,"column":40},"end":{"line":13,"column":null}}}},"branchMap":{},"s":{"0":0},"f":{"0":0},"b":{}}
,"C:/Users/Kenny Miller/Documents/Temple/Capstone/DanglingPointers_Container/DanglingPointers/application/frontend/src/scripts/check-boundaries.js": {"path":"C:/Users/Kenny Miller/Documents/Temple/Capstone/DanglingPointers_Container/DanglingPointers/application/frontend/src/scripts/check-boundaries.js","statementMap":{"0":{"start":{"line":2,"column":24},"end":{"line":2,"column":48}},"1":{"start":{"line":3,"column":39},"end":{"line":3,"column":60}},"2":{"start":{"line":5,"column":25},"end":{"line":5,"column":75}},"3":{"start":{"line":7,"column":2},"end":{"line":7,"column":24}},"4":{"start":{"line":11,"column":31},"end":{"line":11,"column":48}},"5":{"start":{"line":13,"column":4},"end":{"line":13,"column":50}},"6":{"start":{"line":16,"column":4},"end":{"line":16,"column":62}},"7":{"start":{"line":18,"column":2},"end":{"line":18,"column":32}}},"fnMap":{"0":{"name":"checkLeftBoundary","decl":{"start":{"line":1,"column":16},"end":{"line":1,"column":33}},"loc":{"start":{"line":1,"column":59},"end":{"line":8,"column":1}}},"1":{"name":"checkRightBoundary","decl":{"start":{"line":10,"column":16},"end":{"line":10,"column":34}},"loc":{"start":{"line":10,"column":67},"end":{"line":19,"column":1}}}},"branchMap":{},"s":{"0":2,"1":2,"2":2,"3":2,"4":2,"5":2,"6":2,"7":2},"f":{"0":2,"1":2},"b":{}}
,"C:/Users/Kenny Miller/Documents/Temple/Capstone/DanglingPointers_Container/DanglingPointers/application/frontend/src/scripts/check-for-collision.js": {"path":"C:/Users/Kenny Miller/Documents/Temple/Capstone/DanglingPointers_Container/DanglingPointers/application/frontend/src/scripts/check-for-collision.js","statementMap":{"0":{"start":{"line":2,"column":19},"end":{"line":2,"column":51}},"1":{"start":{"line":3,"column":29},"end":{"line":3,"column":50}},"2":{"start":{"line":4,"column":29},"end":{"line":4,"column":75}},"3":{"start":{"line":6,"column":19},"end":{"line":6,"column":33}},"4":{"start":{"line":7,"column":28},"end":{"line":7,"column":48}},"5":{"start":{"line":10,"column":4},"end":{"line":10,"column":66}},"6":{"start":{"line":11,"column":21},"end":{"line":11,"column":50}},"7":{"start":{"line":13,"column":2},"end":{"line":13,"column":34}}},"fnMap":{"0":{"name":"checkForCollision","decl":{"start":{"line":1,"column":24},"end":{"line":1,"column":41}},"loc":{"start":{"line":1,"column":69},"end":{"line":14,"column":1}}}},"branchMap":{"0":{"loc":{"start":{"line":10,"column":4},"end":{"line":10,"column":66}},"type":"binary-expr","locations":[{"start":{"line":10,"column":4},"end":{"line":10,"column":33}},{"start":{"line":10,"column":37},"end":{"line":10,"column":66}}]},"1":{"loc":{"start":{"line":13,"column":9},"end":{"line":13,"column":33}},"type":"binary-expr","locations":[{"start":{"line":13,"column":9},"end":{"line":13,"column":19}},{"start":{"line":13,"column":23},"end":{"line":13,"column":33}}]}},"s":{"0":4,"1":4,"2":4,"3":4,"4":4,"5":4,"6":4,"7":4},"f":{"0":4},"b":{"0":[4,3],"1":[4,2]}}
,"C:/Users/Kenny Miller/Documents/Temple/Capstone/DanglingPointers_Container/DanglingPointers/application/frontend/src/scripts/constants.js": {"path":"C:/Users/Kenny Miller/Documents/Temple/Capstone/DanglingPointers_Container/DanglingPointers/application/frontend/src/scripts/constants.js","statementMap":{"0":{"start":{"line":1,"column":25},"end":{"line":1,"column":52}},"1":{"start":{"line":2,"column":24},"end":{"line":2,"column":61}},"2":{"start":{"line":3,"column":24},"end":{"line":3,"column":61}},"3":{"start":{"line":4,"column":27},"end":{"line":4,"column":67}}},"fnMap":{},"branchMap":{},"s":{"0":0,"1":0,"2":0,"3":0},"f":{},"b":{}}
,"C:/Users/Kenny Miller/Documents/Temple/Capstone/DanglingPointers_Container/DanglingPointers/application/frontend/src/scripts/convert-seconds-to-minutes.js": {"path":"C:/Users/Kenny Miller/Documents/Temple/Capstone/DanglingPointers_Container/DanglingPointers/application/frontend/src/scripts/convert-seconds-to-minutes.js","statementMap":{"0":{"start":{"line":2,"column":2},"end":{"line":4,"column":3}},"1":{"start":{"line":3,"column":4},"end":{"line":3,"column":23}},"2":{"start":{"line":6,"column":21},"end":{"line":6,"column":43}},"3":{"start":{"line":7,"column":21},"end":{"line":7,"column":31}},"4":{"start":{"line":11,"column":2},"end":{"line":11,"column":70}},"5":{"start":{"line":12,"column":2},"end":{"line":12,"column":70}},"6":{"start":{"line":14,"column":2},"end":{"line":14,"column":33}}},"fnMap":{"0":{"name":"convertSecondsToMinutes","decl":{"start":{"line":1,"column":24},"end":{"line":1,"column":47}},"loc":{"start":{"line":1,"column":55},"end":{"line":15,"column":1}}}},"branchMap":{"0":{"loc":{"start":{"line":2,"column":2},"end":{"line":4,"column":3}},"type":"if","locations":[{"start":{"line":2,"column":2},"end":{"line":4,"column":3}},{"start":{},"end":{}}]},"1":{"loc":{"start":{"line":11,"column":2},"end":{"line":11,"column":69}},"type":"cond-expr","locations":[{"start":{"line":11,"column":20},"end":{"line":11,"column":46}},{"start":{"line":11,"column":49},"end":{"line":11,"column":69}}]},"2":{"loc":{"start":{"line":12,"column":2},"end":{"line":12,"column":69}},"type":"cond-expr","locations":[{"start":{"line":12,"column":20},"end":{"line":12,"column":46}},{"start":{"line":12,"column":49},"end":{"line":12,"column":69}}]}},"s":{"0":4,"1":0,"2":4,"3":4,"4":4,"5":4,"6":4},"f":{"0":4},"b":{"0":[0,4],"1":[3,1],"2":[2,2]}}
,"C:/Users/Kenny Miller/Documents/Temple/Capstone/DanglingPointers_Container/DanglingPointers/application/frontend/src/scripts/get-random-color.js": {"path":"C:/Users/Kenny Miller/Documents/Temple/Capstone/DanglingPointers_Container/DanglingPointers/application/frontend/src/scripts/get-random-color.js","statementMap":{"0":{"start":{"line":3,"column":20},"end":{"line":3,"column":38}},"1":{"start":{"line":4,"column":16},"end":{"line":4,"column":19}},"2":{"start":{"line":5,"column":4},"end":{"line":7,"column":5}},"3":{"start":{"line":5,"column":17},"end":{"line":5,"column":18}},"4":{"start":{"line":6,"column":6},"end":{"line":6,"column":55}},"5":{"start":{"line":8,"column":4},"end":{"line":8,"column":17}}},"fnMap":{"0":{"name":"getRandomColor","decl":{"start":{"line":2,"column":24},"end":{"line":2,"column":38}},"loc":{"start":{"line":2,"column":41},"end":{"line":9,"column":3}}}},"branchMap":{},"s":{"0":3,"1":3,"2":3,"3":3,"4":18,"5":3},"f":{"0":3},"b":{}}
,"C:/Users/Kenny Miller/Documents/Temple/Capstone/DanglingPointers_Container/DanglingPointers/application/frontend/src/scripts/get-stack-interval.js": {"path":"C:/Users/Kenny Miller/Documents/Temple/Capstone/DanglingPointers_Container/DanglingPointers/application/frontend/src/scripts/get-stack-interval.js","statementMap":{"0":{"start":{"line":2,"column":21},"end":{"line":2,"column":31}},"1":{"start":{"line":3,"column":21},"end":{"line":3,"column":31}},"2":{"start":{"line":4,"column":2},"end":{"line":4,"column":80}}},"fnMap":{"0":{"name":"getStackInterval","decl":{"start":{"line":1,"column":24},"end":{"line":1,"column":40}},"loc":{"start":{"line":1,"column":52},"end":{"line":5,"column":1}}}},"branchMap":{},"s":{"0":3,"1":3,"2":3},"f":{"0":3},"b":{}}
,"C:/Users/Kenny Miller/Documents/Temple/Capstone/DanglingPointers_Container/DanglingPointers/application/frontend/src/stores/userAuthStore.js": {"path":"C:/Users/Kenny Miller/Documents/Temple/Capstone/DanglingPointers_Container/DanglingPointers/application/frontend/src/stores/userAuthStore.js","statementMap":{"0":{"start":{"line":6,"column":25},"end":{"line":40,"column":1}},"1":{"start":{"line":8,"column":14},"end":{"line":34,"column":5}},"2":{"start":{"line":15,"column":25},"end":{"line":15,"column":74}},"3":{"start":{"line":17,"column":8},"end":{"line":23,"column":12}},"4":{"start":{"line":17,"column":19},"end":{"line":23,"column":9}},"5":{"start":{"line":26,"column":8},"end":{"line":32,"column":12}},"6":{"start":{"line":26,"column":19},"end":{"line":32,"column":9}},"7":{"start":{"line":37,"column":39},"end":{"line":37,"column":53}}},"fnMap":{"0":{"name":"(anonymous_0)","decl":{"start":{"line":8,"column":4},"end":{"line":8,"column":5}},"loc":{"start":{"line":8,"column":14},"end":{"line":34,"column":5}}},"1":{"name":"(anonymous_1)","decl":{"start":{"line":14,"column":13},"end":{"line":14,"column":18}},"loc":{"start":{"line":14,"column":33},"end":{"line":24,"column":7}}},"2":{"name":"(anonymous_2)","decl":{"start":{"line":17,"column":12},"end":{"line":17,"column":13}},"loc":{"start":{"line":17,"column":19},"end":{"line":23,"column":9}}},"3":{"name":"(anonymous_3)","decl":{"start":{"line":25,"column":14},"end":{"line":25,"column":19}},"loc":{"start":{"line":25,"column":26},"end":{"line":33,"column":7}}},"4":{"name":"(anonymous_4)","decl":{"start":{"line":26,"column":12},"end":{"line":26,"column":13}},"loc":{"start":{"line":26,"column":19},"end":{"line":32,"column":9}}},"5":{"name":"(anonymous_5)","decl":{"start":{"line":37,"column":33},"end":{"line":37,"column":34}},"loc":{"start":{"line":37,"column":39},"end":{"line":37,"column":53}}}},"branchMap":{},"s":{"0":0,"1":0,"2":0,"3":0,"4":0,"5":0,"6":0,"7":0},"f":{"0":0,"1":0,"2":0,"3":0,"4":0,"5":0},"b":{}}
,"C:/Users/Kenny Miller/Documents/Temple/Capstone/DanglingPointers_Container/DanglingPointers/application/frontend/src/stores/userMetaDataStore.js": {"path":"C:/Users/Kenny Miller/Documents/Temple/Capstone/DanglingPointers_Container/DanglingPointers/application/frontend/src/stores/userMetaDataStore.js","statementMap":{"0":{"start":{"line":6,"column":29},"end":{"line":23,"column":1}},"1":{"start":{"line":8,"column":14},"end":{"line":17,"column":5}},"2":{"start":{"line":11,"column":25},"end":{"line":11,"column":89}},"3":{"start":{"line":13,"column":8},"end":{"line":15,"column":12}},"4":{"start":{"line":13,"column":19},"end":{"line":15,"column":9}},"5":{"start":{"line":20,"column":39},"end":{"line":20,"column":53}}},"fnMap":{"0":{"name":"(anonymous_0)","decl":{"start":{"line":8,"column":4},"end":{"line":8,"column":5}},"loc":{"start":{"line":8,"column":14},"end":{"line":17,"column":5}}},"1":{"name":"(anonymous_1)","decl":{"start":{"line":10,"column":26},"end":{"line":10,"column":31}},"loc":{"start":{"line":10,"column":46},"end":{"line":16,"column":7}}},"2":{"name":"(anonymous_2)","decl":{"start":{"line":13,"column":12},"end":{"line":13,"column":13}},"loc":{"start":{"line":13,"column":19},"end":{"line":15,"column":9}}},"3":{"name":"(anonymous_3)","decl":{"start":{"line":20,"column":33},"end":{"line":20,"column":34}},"loc":{"start":{"line":20,"column":39},"end":{"line":20,"column":53}}}},"branchMap":{},"s":{"0":0,"1":0,"2":0,"3":0,"4":0,"5":0},"f":{"0":0,"1":0,"2":0,"3":0},"b":{}}
,"C:/Users/Kenny Miller/Documents/Temple/Capstone/DanglingPointers_Container/DanglingPointers/application/frontend/src/stores/userProfileStore.js": {"path":"C:/Users/Kenny Miller/Documents/Temple/Capstone/DanglingPointers_Container/DanglingPointers/application/frontend/src/stores/userProfileStore.js","statementMap":{"0":{"start":{"line":4,"column":28},"end":{"line":15,"column":1}},"1":{"start":{"line":6,"column":14},"end":{"line":9,"column":5}},"2":{"start":{"line":8,"column":28},"end":{"line":8,"column":50}}},"fnMap":{"0":{"name":"(anonymous_0)","decl":{"start":{"line":6,"column":4},"end":{"line":6,"column":5}},"loc":{"start":{"line":6,"column":14},"end":{"line":9,"column":5}}},"1":{"name":"(anonymous_1)","decl":{"start":{"line":8,"column":20},"end":{"line":8,"column":21}},"loc":{"start":{"line":8,"column":28},"end":{"line":8,"column":50}}}},"branchMap":{},"s":{"0":0,"1":0,"2":0},"f":{"0":0,"1":0},"b":{}}
}
