{
    "meta": {
        "format": 3,
        "version": "7.6.7",
        "timestamp": "2024-11-24T00:34:12.526761",
        "branch_coverage": false,
        "show_contexts": false
    },
    "files": {
        "api/__init__.py": {
            "executed_lines": [
                0
            ],
            "summary": {
                "covered_lines": 0,
                "num_statements": 0,
                "percent_covered": 100.0,
                "percent_covered_display": "100",
                "missing_lines": 0,
                "excluded_lines": 0
            },
            "missing_lines": [],
            "excluded_lines": [],
            "functions": {
                "": {
                    "executed_lines": [],
                    "summary": {
                        "covered_lines": 0,
                        "num_statements": 0,
                        "percent_covered": 100.0,
                        "percent_covered_display": "100",
                        "missing_lines": 0,
                        "excluded_lines": 0
                    },
                    "missing_lines": [],
                    "excluded_lines": []
                }
            },
            "classes": {
                "": {
                    "executed_lines": [],
                    "summary": {
                        "covered_lines": 0,
                        "num_statements": 0,
                        "percent_covered": 100.0,
                        "percent_covered_display": "100",
                        "missing_lines": 0,
                        "excluded_lines": 0
                    },
                    "missing_lines": [],
                    "excluded_lines": []
                }
            }
        },
        "api/admin.py": {
            "executed_lines": [
                1
            ],
            "summary": {
                "covered_lines": 1,
                "num_statements": 1,
                "percent_covered": 100.0,
                "percent_covered_display": "100",
                "missing_lines": 0,
                "excluded_lines": 0
            },
            "missing_lines": [],
            "excluded_lines": [],
            "functions": {
                "": {
                    "executed_lines": [
                        1
                    ],
                    "summary": {
                        "covered_lines": 1,
                        "num_statements": 1,
                        "percent_covered": 100.0,
                        "percent_covered_display": "100",
                        "missing_lines": 0,
                        "excluded_lines": 0
                    },
                    "missing_lines": [],
                    "excluded_lines": []
                }
            },
            "classes": {
                "": {
                    "executed_lines": [
                        1
                    ],
                    "summary": {
                        "covered_lines": 1,
                        "num_statements": 1,
                        "percent_covered": 100.0,
                        "percent_covered_display": "100",
                        "missing_lines": 0,
                        "excluded_lines": 0
                    },
                    "missing_lines": [],
                    "excluded_lines": []
                }
            }
        },
        "api/apps.py": {
            "executed_lines": [
                1,
                4,
                5,
                6
            ],
            "summary": {
                "covered_lines": 4,
                "num_statements": 4,
                "percent_covered": 100.0,
                "percent_covered_display": "100",
                "missing_lines": 0,
                "excluded_lines": 0
            },
            "missing_lines": [],
            "excluded_lines": [],
            "functions": {
                "": {
                    "executed_lines": [
                        1,
                        4,
                        5,
                        6
                    ],
                    "summary": {
                        "covered_lines": 4,
                        "num_statements": 4,
                        "percent_covered": 100.0,
                        "percent_covered_display": "100",
                        "missing_lines": 0,
                        "excluded_lines": 0
                    },
                    "missing_lines": [],
                    "excluded_lines": []
                }
            },
            "classes": {
                "ApiConfig": {
                    "executed_lines": [],
                    "summary": {
                        "covered_lines": 0,
                        "num_statements": 0,
                        "percent_covered": 100.0,
                        "percent_covered_display": "100",
                        "missing_lines": 0,
                        "excluded_lines": 0
                    },
                    "missing_lines": [],
                    "excluded_lines": []
                },
                "": {
                    "executed_lines": [
                        1,
                        4,
                        5,
                        6
                    ],
                    "summary": {
                        "covered_lines": 4,
                        "num_statements": 4,
                        "percent_covered": 100.0,
                        "percent_covered_display": "100",
                        "missing_lines": 0,
                        "excluded_lines": 0
                    },
                    "missing_lines": [],
                    "excluded_lines": []
                }
            }
        },
        "api/consumers.py": {
            "executed_lines": [],
            "summary": {
                "covered_lines": 0,
                "num_statements": 33,
                "percent_covered": 0.0,
                "percent_covered_display": "0",
                "missing_lines": 33,
                "excluded_lines": 0
            },
            "missing_lines": [
                1,
                2,
                3,
                4,
                7,
                8,
                9,
                10,
                11,
                12,
                13,
                22,
                23,
                24,
                25,
                32,
                33,
                34,
                35,
                36,
                37,
                45,
                46,
                47,
                53,
                54,
                55,
                57,
                58,
                59,
                67,
                68,
                69
            ],
            "excluded_lines": [],
            "functions": {
                "ChatConsumer.receive": {
                    "executed_lines": [],
                    "summary": {
                        "covered_lines": 0,
                        "num_statements": 5,
                        "percent_covered": 0.0,
                        "percent_covered_display": "0",
                        "missing_lines": 5,
                        "excluded_lines": 0
                    },
                    "missing_lines": [
                        9,
                        10,
                        11,
                        12,
                        13
                    ],
                    "excluded_lines": []
                },
                "ChatConsumer.chat_message": {
                    "executed_lines": [],
                    "summary": {
                        "covered_lines": 0,
                        "num_statements": 3,
                        "percent_covered": 0.0,
                        "percent_covered_display": "0",
                        "missing_lines": 3,
                        "excluded_lines": 0
                    },
                    "missing_lines": [
                        23,
                        24,
                        25
                    ],
                    "excluded_lines": []
                },
                "GameConsumer.receive": {
                    "executed_lines": [],
                    "summary": {
                        "covered_lines": 0,
                        "num_statements": 4,
                        "percent_covered": 0.0,
                        "percent_covered_display": "0",
                        "missing_lines": 4,
                        "excluded_lines": 0
                    },
                    "missing_lines": [
                        34,
                        35,
                        36,
                        37
                    ],
                    "excluded_lines": []
                },
                "GameConsumer.game_message": {
                    "executed_lines": [],
                    "summary": {
                        "covered_lines": 0,
                        "num_statements": 2,
                        "percent_covered": 0.0,
                        "percent_covered_display": "0",
                        "missing_lines": 2,
                        "excluded_lines": 0
                    },
                    "missing_lines": [
                        46,
                        47
                    ],
                    "excluded_lines": []
                },
                "ItemConsumer.receive": {
                    "executed_lines": [],
                    "summary": {
                        "covered_lines": 0,
                        "num_statements": 4,
                        "percent_covered": 0.0,
                        "percent_covered_display": "0",
                        "missing_lines": 4,
                        "excluded_lines": 0
                    },
                    "missing_lines": [
                        55,
                        57,
                        58,
                        59
                    ],
                    "excluded_lines": []
                },
                "ItemConsumer.item_message": {
                    "executed_lines": [],
                    "summary": {
                        "covered_lines": 0,
                        "num_statements": 2,
                        "percent_covered": 0.0,
                        "percent_covered_display": "0",
                        "missing_lines": 2,
                        "excluded_lines": 0
                    },
                    "missing_lines": [
                        68,
                        69
                    ],
                    "excluded_lines": []
                },
                "": {
                    "executed_lines": [],
                    "summary": {
                        "covered_lines": 0,
                        "num_statements": 13,
                        "percent_covered": 0.0,
                        "percent_covered_display": "0",
                        "missing_lines": 13,
                        "excluded_lines": 0
                    },
                    "missing_lines": [
                        1,
                        2,
                        3,
                        4,
                        7,
                        8,
                        22,
                        32,
                        33,
                        45,
                        53,
                        54,
                        67
                    ],
                    "excluded_lines": []
                }
            },
            "classes": {
                "ChatConsumer": {
                    "executed_lines": [],
                    "summary": {
                        "covered_lines": 0,
                        "num_statements": 8,
                        "percent_covered": 0.0,
                        "percent_covered_display": "0",
                        "missing_lines": 8,
                        "excluded_lines": 0
                    },
                    "missing_lines": [
                        9,
                        10,
                        11,
                        12,
                        13,
                        23,
                        24,
                        25
                    ],
                    "excluded_lines": []
                },
                "GameConsumer": {
                    "executed_lines": [],
                    "summary": {
                        "covered_lines": 0,
                        "num_statements": 6,
                        "percent_covered": 0.0,
                        "percent_covered_display": "0",
                        "missing_lines": 6,
                        "excluded_lines": 0
                    },
                    "missing_lines": [
                        34,
                        35,
                        36,
                        37,
                        46,
                        47
                    ],
                    "excluded_lines": []
                },
                "ItemConsumer": {
                    "executed_lines": [],
                    "summary": {
                        "covered_lines": 0,
                        "num_statements": 6,
                        "percent_covered": 0.0,
                        "percent_covered_display": "0",
                        "missing_lines": 6,
                        "excluded_lines": 0
                    },
                    "missing_lines": [
                        55,
                        57,
                        58,
                        59,
                        68,
                        69
                    ],
                    "excluded_lines": []
                },
                "": {
                    "executed_lines": [],
                    "summary": {
                        "covered_lines": 0,
                        "num_statements": 13,
                        "percent_covered": 0.0,
                        "percent_covered_display": "0",
                        "missing_lines": 13,
                        "excluded_lines": 0
                    },
                    "missing_lines": [
                        1,
                        2,
                        3,
                        4,
                        7,
                        8,
                        22,
                        32,
                        33,
                        45,
                        53,
                        54,
                        67
                    ],
                    "excluded_lines": []
                }
            }
        },
        "api/migrations/0001_initial.py": {
            "executed_lines": [],
            "summary": {
                "covered_lines": 0,
                "num_statements": 7,
                "percent_covered": 0.0,
                "percent_covered_display": "0",
                "missing_lines": 7,
                "excluded_lines": 0
            },
            "missing_lines": [
                3,
                4,
                5,
                8,
                10,
                12,
                16
            ],
            "excluded_lines": [],
            "functions": {
                "": {
                    "executed_lines": [],
                    "summary": {
                        "covered_lines": 0,
                        "num_statements": 7,
                        "percent_covered": 0.0,
                        "percent_covered_display": "0",
                        "missing_lines": 7,
                        "excluded_lines": 0
                    },
                    "missing_lines": [
                        3,
                        4,
                        5,
                        8,
                        10,
                        12,
                        16
                    ],
                    "excluded_lines": []
                }
            },
            "classes": {
                "Migration": {
                    "executed_lines": [],
                    "summary": {
                        "covered_lines": 0,
                        "num_statements": 0,
                        "percent_covered": 100.0,
                        "percent_covered_display": "100",
                        "missing_lines": 0,
                        "excluded_lines": 0
                    },
                    "missing_lines": [],
                    "excluded_lines": []
                },
                "": {
                    "executed_lines": [],
                    "summary": {
                        "covered_lines": 0,
                        "num_statements": 7,
                        "percent_covered": 0.0,
                        "percent_covered_display": "0",
                        "missing_lines": 7,
                        "excluded_lines": 0
                    },
                    "missing_lines": [
                        3,
                        4,
                        5,
                        8,
                        10,
                        12,
                        16
                    ],
                    "excluded_lines": []
                }
            }
        },
        "api/migrations/0002_alter_game_mode_alter_game_status_and_more.py": {
            "executed_lines": [],
            "summary": {
                "covered_lines": 0,
                "num_statements": 4,
                "percent_covered": 0.0,
                "percent_covered_display": "0",
                "missing_lines": 4,
                "excluded_lines": 0
            },
            "missing_lines": [
                3,
                6,
                8,
                12
            ],
            "excluded_lines": [],
            "functions": {
                "": {
                    "executed_lines": [],
                    "summary": {
                        "covered_lines": 0,
                        "num_statements": 4,
                        "percent_covered": 0.0,
                        "percent_covered_display": "0",
                        "missing_lines": 4,
                        "excluded_lines": 0
                    },
                    "missing_lines": [
                        3,
                        6,
                        8,
                        12
                    ],
                    "excluded_lines": []
                }
            },
            "classes": {
                "Migration": {
                    "executed_lines": [],
                    "summary": {
                        "covered_lines": 0,
                        "num_statements": 0,
                        "percent_covered": 100.0,
                        "percent_covered_display": "100",
                        "missing_lines": 0,
                        "excluded_lines": 0
                    },
                    "missing_lines": [],
                    "excluded_lines": []
                },
                "": {
                    "executed_lines": [],
                    "summary": {
                        "covered_lines": 0,
                        "num_statements": 4,
                        "percent_covered": 0.0,
                        "percent_covered_display": "0",
                        "missing_lines": 4,
                        "excluded_lines": 0
                    },
                    "missing_lines": [
                        3,
                        6,
                        8,
                        12
                    ],
                    "excluded_lines": []
                }
            }
        },
        "api/migrations/0003_securityquestion_and_more.py": {
            "executed_lines": [],
            "summary": {
                "covered_lines": 0,
                "num_statements": 5,
                "percent_covered": 0.0,
                "percent_covered_display": "0",
                "missing_lines": 5,
                "excluded_lines": 0
            },
            "missing_lines": [
                3,
                4,
                7,
                9,
                13
            ],
            "excluded_lines": [],
            "functions": {
                "": {
                    "executed_lines": [],
                    "summary": {
                        "covered_lines": 0,
                        "num_statements": 5,
                        "percent_covered": 0.0,
                        "percent_covered_display": "0",
                        "missing_lines": 5,
                        "excluded_lines": 0
                    },
                    "missing_lines": [
                        3,
                        4,
                        7,
                        9,
                        13
                    ],
                    "excluded_lines": []
                }
            },
            "classes": {
                "Migration": {
                    "executed_lines": [],
                    "summary": {
                        "covered_lines": 0,
                        "num_statements": 0,
                        "percent_covered": 100.0,
                        "percent_covered_display": "100",
                        "missing_lines": 0,
                        "excluded_lines": 0
                    },
                    "missing_lines": [],
                    "excluded_lines": []
                },
                "": {
                    "executed_lines": [],
                    "summary": {
                        "covered_lines": 0,
                        "num_statements": 5,
                        "percent_covered": 0.0,
                        "percent_covered_display": "0",
                        "missing_lines": 5,
                        "excluded_lines": 0
                    },
                    "missing_lines": [
                        3,
                        4,
                        7,
                        9,
                        13
                    ],
                    "excluded_lines": []
                }
            }
        },
        "api/migrations/0004_alter_game_mode_alter_game_status.py": {
            "executed_lines": [],
            "summary": {
                "covered_lines": 0,
                "num_statements": 4,
                "percent_covered": 0.0,
                "percent_covered_display": "0",
                "missing_lines": 4,
                "excluded_lines": 0
            },
            "missing_lines": [
                3,
                6,
                8,
                12
            ],
            "excluded_lines": [],
            "functions": {
                "": {
                    "executed_lines": [],
                    "summary": {
                        "covered_lines": 0,
                        "num_statements": 4,
                        "percent_covered": 0.0,
                        "percent_covered_display": "0",
                        "missing_lines": 4,
                        "excluded_lines": 0
                    },
                    "missing_lines": [
                        3,
                        6,
                        8,
                        12
                    ],
                    "excluded_lines": []
                }
            },
            "classes": {
                "Migration": {
                    "executed_lines": [],
                    "summary": {
                        "covered_lines": 0,
                        "num_statements": 0,
                        "percent_covered": 100.0,
                        "percent_covered_display": "100",
                        "missing_lines": 0,
                        "excluded_lines": 0
                    },
                    "missing_lines": [],
                    "excluded_lines": []
                },
                "": {
                    "executed_lines": [],
                    "summary": {
                        "covered_lines": 0,
                        "num_statements": 4,
                        "percent_covered": 0.0,
                        "percent_covered_display": "0",
                        "missing_lines": 4,
                        "excluded_lines": 0
                    },
                    "missing_lines": [
                        3,
                        6,
                        8,
                        12
                    ],
                    "excluded_lines": []
                }
            }
        },
        "api/migrations/0005_alter_usermetadata_item_history_and_more.py": {
            "executed_lines": [],
            "summary": {
                "covered_lines": 0,
                "num_statements": 4,
                "percent_covered": 0.0,
                "percent_covered_display": "0",
                "missing_lines": 4,
                "excluded_lines": 0
            },
            "missing_lines": [
                3,
                6,
                8,
                12
            ],
            "excluded_lines": [],
            "functions": {
                "": {
                    "executed_lines": [],
                    "summary": {
                        "covered_lines": 0,
                        "num_statements": 4,
                        "percent_covered": 0.0,
                        "percent_covered_display": "0",
                        "missing_lines": 4,
                        "excluded_lines": 0
                    },
                    "missing_lines": [
                        3,
                        6,
                        8,
                        12
                    ],
                    "excluded_lines": []
                }
            },
            "classes": {
                "Migration": {
                    "executed_lines": [],
                    "summary": {
                        "covered_lines": 0,
                        "num_statements": 0,
                        "percent_covered": 100.0,
                        "percent_covered_display": "100",
                        "missing_lines": 0,
                        "excluded_lines": 0
                    },
                    "missing_lines": [],
                    "excluded_lines": []
                },
                "": {
                    "executed_lines": [],
                    "summary": {
                        "covered_lines": 0,
                        "num_statements": 4,
                        "percent_covered": 0.0,
                        "percent_covered_display": "0",
                        "missing_lines": 4,
                        "excluded_lines": 0
                    },
                    "missing_lines": [
                        3,
                        6,
                        8,
                        12
                    ],
                    "excluded_lines": []
                }
            }
        },
        "api/migrations/0006_item_icon.py": {
            "executed_lines": [],
            "summary": {
                "covered_lines": 0,
                "num_statements": 4,
                "percent_covered": 0.0,
                "percent_covered_display": "0",
                "missing_lines": 4,
                "excluded_lines": 0
            },
            "missing_lines": [
                3,
                6,
                8,
                12
            ],
            "excluded_lines": [],
            "functions": {
                "": {
                    "executed_lines": [],
                    "summary": {
                        "covered_lines": 0,
                        "num_statements": 4,
                        "percent_covered": 0.0,
                        "percent_covered_display": "0",
                        "missing_lines": 4,
                        "excluded_lines": 0
                    },
                    "missing_lines": [
                        3,
                        6,
                        8,
                        12
                    ],
                    "excluded_lines": []
                }
            },
            "classes": {
                "Migration": {
                    "executed_lines": [],
                    "summary": {
                        "covered_lines": 0,
                        "num_statements": 0,
                        "percent_covered": 100.0,
                        "percent_covered_display": "100",
                        "missing_lines": 0,
                        "excluded_lines": 0
                    },
                    "missing_lines": [],
                    "excluded_lines": []
                },
                "": {
                    "executed_lines": [],
                    "summary": {
                        "covered_lines": 0,
                        "num_statements": 4,
                        "percent_covered": 0.0,
                        "percent_covered_display": "0",
                        "missing_lines": 4,
                        "excluded_lines": 0
                    },
                    "missing_lines": [
                        3,
                        6,
                        8,
                        12
                    ],
                    "excluded_lines": []
                }
            }
        },
        "api/migrations/__init__.py": {
            "executed_lines": [],
            "summary": {
                "covered_lines": 0,
                "num_statements": 0,
                "percent_covered": 100.0,
                "percent_covered_display": "100",
                "missing_lines": 0,
                "excluded_lines": 0
            },
            "missing_lines": [],
            "excluded_lines": [],
            "functions": {
                "": {
                    "executed_lines": [],
                    "summary": {
                        "covered_lines": 0,
                        "num_statements": 0,
                        "percent_covered": 100.0,
                        "percent_covered_display": "100",
                        "missing_lines": 0,
                        "excluded_lines": 0
                    },
                    "missing_lines": [],
                    "excluded_lines": []
                }
            },
            "classes": {
                "": {
                    "executed_lines": [],
                    "summary": {
                        "covered_lines": 0,
                        "num_statements": 0,
                        "percent_covered": 100.0,
                        "percent_covered_display": "100",
                        "missing_lines": 0,
                        "excluded_lines": 0
                    },
                    "missing_lines": [],
                    "excluded_lines": []
                }
            }
        },
        "api/models.py": {
            "executed_lines": [
                1,
                2,
                4,
                5,
                7,
                8,
                9,
                10,
                11,
                12,
                13,
                14,
                15,
                16,
                17,
                18,
                19,
                20,
                21,
                22,
                24,
                25,
                28,
                29,
                35,
                36,
                42,
                46,
                47,
                51,
                53,
                55,
                56,
                57,
                58,
                63,
                64,
                65,
                66,
                68,
                70,
                74,
                75,
                76,
                77,
                78,
                80
            ],
            "summary": {
                "covered_lines": 47,
                "num_statements": 59,
                "percent_covered": 79.66101694915254,
                "percent_covered_display": "80",
                "missing_lines": 12,
                "excluded_lines": 0
            },
            "missing_lines": [
                26,
                30,
                31,
                32,
                33,
                37,
                38,
                39,
                40,
                43,
                71,
                81
            ],
            "excluded_lines": [],
            "functions": {
                "UserMetaData.total_games_played": {
                    "executed_lines": [],
                    "summary": {
                        "covered_lines": 0,
                        "num_statements": 1,
                        "percent_covered": 0.0,
                        "percent_covered_display": "0",
                        "missing_lines": 1,
                        "excluded_lines": 0
                    },
                    "missing_lines": [
                        26
                    ],
                    "excluded_lines": []
                },
                "UserMetaData.success_rate": {
                    "executed_lines": [],
                    "summary": {
                        "covered_lines": 0,
                        "num_statements": 4,
                        "percent_covered": 0.0,
                        "percent_covered_display": "0",
                        "missing_lines": 4,
                        "excluded_lines": 0
                    },
                    "missing_lines": [
                        30,
                        31,
                        32,
                        33
                    ],
                    "excluded_lines": []
                },
                "UserMetaData.failure_rate": {
                    "executed_lines": [],
                    "summary": {
                        "covered_lines": 0,
                        "num_statements": 4,
                        "percent_covered": 0.0,
                        "percent_covered_display": "0",
                        "missing_lines": 4,
                        "excluded_lines": 0
                    },
                    "missing_lines": [
                        37,
                        38,
                        39,
                        40
                    ],
                    "excluded_lines": []
                },
                "UserMetaData.__str__": {
                    "executed_lines": [],
                    "summary": {
                        "covered_lines": 0,
                        "num_statements": 1,
                        "percent_covered": 0.0,
                        "percent_covered_display": "0",
                        "missing_lines": 1,
                        "excluded_lines": 0
                    },
                    "missing_lines": [
                        43
                    ],
                    "excluded_lines": []
                },
                "Game.__str__": {
                    "executed_lines": [],
                    "summary": {
                        "covered_lines": 0,
                        "num_statements": 1,
                        "percent_covered": 0.0,
                        "percent_covered_display": "0",
                        "missing_lines": 1,
                        "excluded_lines": 0
                    },
                    "missing_lines": [
                        71
                    ],
                    "excluded_lines": []
                },
                "Item.__str__": {
                    "executed_lines": [],
                    "summary": {
                        "covered_lines": 0,
                        "num_statements": 1,
                        "percent_covered": 0.0,
                        "percent_covered_display": "0",
                        "missing_lines": 1,
                        "excluded_lines": 0
                    },
                    "missing_lines": [
                        81
                    ],
                    "excluded_lines": []
                },
                "": {
                    "executed_lines": [
                        1,
                        2,
                        4,
                        5,
                        7,
                        8,
                        9,
                        10,
                        11,
                        12,
                        13,
                        14,
                        15,
                        16,
                        17,
                        18,
                        19,
                        20,
                        21,
                        22,
                        24,
                        25,
                        28,
                        29,
                        35,
                        36,
                        42,
                        46,
                        47,
                        51,
                        53,
                        55,
                        56,
                        57,
                        58,
                        63,
                        64,
                        65,
                        66,
                        68,
                        70,
                        74,
                        75,
                        76,
                        77,
                        78,
                        80
                    ],
                    "summary": {
                        "covered_lines": 47,
                        "num_statements": 47,
                        "percent_covered": 100.0,
                        "percent_covered_display": "100",
                        "missing_lines": 0,
                        "excluded_lines": 0
                    },
                    "missing_lines": [],
                    "excluded_lines": []
                }
            },
            "classes": {
                "SecurityQuestion": {
                    "executed_lines": [],
                    "summary": {
                        "covered_lines": 0,
                        "num_statements": 0,
                        "percent_covered": 100.0,
                        "percent_covered_display": "100",
                        "missing_lines": 0,
                        "excluded_lines": 0
                    },
                    "missing_lines": [],
                    "excluded_lines": []
                },
                "UserMetaData": {
                    "executed_lines": [],
                    "summary": {
                        "covered_lines": 0,
                        "num_statements": 10,
                        "percent_covered": 0.0,
                        "percent_covered_display": "0",
                        "missing_lines": 10,
                        "excluded_lines": 0
                    },
                    "missing_lines": [
                        26,
                        30,
                        31,
                        32,
                        33,
                        37,
                        38,
                        39,
                        40,
                        43
                    ],
                    "excluded_lines": []
                },
                "Game": {
                    "executed_lines": [],
                    "summary": {
                        "covered_lines": 0,
                        "num_statements": 1,
                        "percent_covered": 0.0,
                        "percent_covered_display": "0",
                        "missing_lines": 1,
                        "excluded_lines": 0
                    },
                    "missing_lines": [
                        71
                    ],
                    "excluded_lines": []
                },
                "Item": {
                    "executed_lines": [],
                    "summary": {
                        "covered_lines": 0,
                        "num_statements": 1,
                        "percent_covered": 0.0,
                        "percent_covered_display": "0",
                        "missing_lines": 1,
                        "excluded_lines": 0
                    },
                    "missing_lines": [
                        81
                    ],
                    "excluded_lines": []
                },
                "": {
                    "executed_lines": [
                        1,
                        2,
                        4,
                        5,
                        7,
                        8,
                        9,
                        10,
                        11,
                        12,
                        13,
                        14,
                        15,
                        16,
                        17,
                        18,
                        19,
                        20,
                        21,
                        22,
                        24,
                        25,
                        28,
                        29,
                        35,
                        36,
                        42,
                        46,
                        47,
                        51,
                        53,
                        55,
                        56,
                        57,
                        58,
                        63,
                        64,
                        65,
                        66,
                        68,
                        70,
                        74,
                        75,
                        76,
                        77,
                        78,
                        80
                    ],
                    "summary": {
                        "covered_lines": 47,
                        "num_statements": 47,
                        "percent_covered": 100.0,
                        "percent_covered_display": "100",
                        "missing_lines": 0,
                        "excluded_lines": 0
                    },
                    "missing_lines": [],
                    "excluded_lines": []
                }
            }
        },
        "api/routing.py": {
            "executed_lines": [],
            "summary": {
                "covered_lines": 0,
                "num_statements": 4,
                "percent_covered": 0.0,
                "percent_covered_display": "0",
                "missing_lines": 4,
                "excluded_lines": 0
            },
            "missing_lines": [
                1,
                2,
                4,
                9
            ],
            "excluded_lines": [],
            "functions": {
                "": {
                    "executed_lines": [],
                    "summary": {
                        "covered_lines": 0,
                        "num_statements": 4,
                        "percent_covered": 0.0,
                        "percent_covered_display": "0",
                        "missing_lines": 4,
                        "excluded_lines": 0
                    },
                    "missing_lines": [
                        1,
                        2,
                        4,
                        9
                    ],
                    "excluded_lines": []
                }
            },
            "classes": {
                "": {
                    "executed_lines": [],
                    "summary": {
                        "covered_lines": 0,
                        "num_statements": 4,
                        "percent_covered": 0.0,
                        "percent_covered_display": "0",
                        "missing_lines": 4,
                        "excluded_lines": 0
                    },
                    "missing_lines": [
                        1,
                        2,
                        4,
                        9
                    ],
                    "excluded_lines": []
                }
            }
        },
        "api/serializers.py": {
            "executed_lines": [
                1,
                2,
                3,
                6,
                7,
                8,
                9,
                12,
                13,
                14,
                15,
                18,
                19,
                20,
                21,
                24,
                25,
                26,
                27,
                29,
                30,
                31,
                32
            ],
            "summary": {
                "covered_lines": 23,
                "num_statements": 23,
                "percent_covered": 100.0,
                "percent_covered_display": "100",
                "missing_lines": 0,
                "excluded_lines": 0
            },
            "missing_lines": [],
            "excluded_lines": [],
            "functions": {
                "": {
                    "executed_lines": [
                        1,
                        2,
                        3,
                        6,
                        7,
                        8,
                        9,
                        12,
                        13,
                        14,
                        15,
                        18,
                        19,
                        20,
                        21,
                        24,
                        25,
                        26,
                        27,
                        29,
                        30,
                        31,
                        32
                    ],
                    "summary": {
                        "covered_lines": 23,
                        "num_statements": 23,
                        "percent_covered": 100.0,
                        "percent_covered_display": "100",
                        "missing_lines": 0,
                        "excluded_lines": 0
                    },
                    "missing_lines": [],
                    "excluded_lines": []
                }
            },
            "classes": {
                "UserSerializer": {
                    "executed_lines": [],
                    "summary": {
                        "covered_lines": 0,
                        "num_statements": 0,
                        "percent_covered": 100.0,
                        "percent_covered_display": "100",
                        "missing_lines": 0,
                        "excluded_lines": 0
                    },
                    "missing_lines": [],
                    "excluded_lines": []
                },
                "UserSerializer.Meta": {
                    "executed_lines": [],
                    "summary": {
                        "covered_lines": 0,
                        "num_statements": 0,
                        "percent_covered": 100.0,
                        "percent_covered_display": "100",
                        "missing_lines": 0,
                        "excluded_lines": 0
                    },
                    "missing_lines": [],
                    "excluded_lines": []
                },
                "UserMetaDataSerializer": {
                    "executed_lines": [],
                    "summary": {
                        "covered_lines": 0,
                        "num_statements": 0,
                        "percent_covered": 100.0,
                        "percent_covered_display": "100",
                        "missing_lines": 0,
                        "excluded_lines": 0
                    },
                    "missing_lines": [],
                    "excluded_lines": []
                },
                "UserMetaDataSerializer.Meta": {
                    "executed_lines": [],
                    "summary": {
                        "covered_lines": 0,
                        "num_statements": 0,
                        "percent_covered": 100.0,
                        "percent_covered_display": "100",
                        "missing_lines": 0,
                        "excluded_lines": 0
                    },
                    "missing_lines": [],
                    "excluded_lines": []
                },
                "GameSerializer": {
                    "executed_lines": [],
                    "summary": {
                        "covered_lines": 0,
                        "num_statements": 0,
                        "percent_covered": 100.0,
                        "percent_covered_display": "100",
                        "missing_lines": 0,
                        "excluded_lines": 0
                    },
                    "missing_lines": [],
                    "excluded_lines": []
                },
                "GameSerializer.Meta": {
                    "executed_lines": [],
                    "summary": {
                        "covered_lines": 0,
                        "num_statements": 0,
                        "percent_covered": 100.0,
                        "percent_covered_display": "100",
                        "missing_lines": 0,
                        "excluded_lines": 0
                    },
                    "missing_lines": [],
                    "excluded_lines": []
                },
                "ItemSerializer": {
                    "executed_lines": [],
                    "summary": {
                        "covered_lines": 0,
                        "num_statements": 0,
                        "percent_covered": 100.0,
                        "percent_covered_display": "100",
                        "missing_lines": 0,
                        "excluded_lines": 0
                    },
                    "missing_lines": [],
                    "excluded_lines": []
                },
                "ItemSerializer.Meta": {
                    "executed_lines": [],
                    "summary": {
                        "covered_lines": 0,
                        "num_statements": 0,
                        "percent_covered": 100.0,
                        "percent_covered_display": "100",
                        "missing_lines": 0,
                        "excluded_lines": 0
                    },
                    "missing_lines": [],
                    "excluded_lines": []
                },
                "SecurityQuestionSerializer": {
                    "executed_lines": [],
                    "summary": {
                        "covered_lines": 0,
                        "num_statements": 0,
                        "percent_covered": 100.0,
                        "percent_covered_display": "100",
                        "missing_lines": 0,
                        "excluded_lines": 0
                    },
                    "missing_lines": [],
                    "excluded_lines": []
                },
                "SecurityQuestionSerializer.Meta": {
                    "executed_lines": [],
                    "summary": {
                        "covered_lines": 0,
                        "num_statements": 0,
                        "percent_covered": 100.0,
                        "percent_covered_display": "100",
                        "missing_lines": 0,
                        "excluded_lines": 0
                    },
                    "missing_lines": [],
                    "excluded_lines": []
                },
                "": {
                    "executed_lines": [
                        1,
                        2,
                        3,
                        6,
                        7,
                        8,
                        9,
                        12,
                        13,
                        14,
                        15,
                        18,
                        19,
                        20,
                        21,
                        24,
                        25,
                        26,
                        27,
                        29,
                        30,
                        31,
                        32
                    ],
                    "summary": {
                        "covered_lines": 23,
                        "num_statements": 23,
                        "percent_covered": 100.0,
                        "percent_covered_display": "100",
                        "missing_lines": 0,
                        "excluded_lines": 0
                    },
                    "missing_lines": [],
                    "excluded_lines": []
                }
            }
        },
        "api/tests.py": {
            "executed_lines": [],
            "summary": {
                "covered_lines": 0,
                "num_statements": 1,
                "percent_covered": 0.0,
                "percent_covered_display": "0",
                "missing_lines": 1,
                "excluded_lines": 0
            },
            "missing_lines": [
                1
            ],
            "excluded_lines": [],
            "functions": {
                "": {
                    "executed_lines": [],
                    "summary": {
                        "covered_lines": 0,
                        "num_statements": 1,
                        "percent_covered": 0.0,
                        "percent_covered_display": "0",
                        "missing_lines": 1,
                        "excluded_lines": 0
                    },
                    "missing_lines": [
                        1
                    ],
                    "excluded_lines": []
                }
            },
            "classes": {
                "": {
                    "executed_lines": [],
                    "summary": {
                        "covered_lines": 0,
                        "num_statements": 1,
                        "percent_covered": 0.0,
                        "percent_covered_display": "0",
                        "missing_lines": 1,
                        "excluded_lines": 0
                    },
                    "missing_lines": [
                        1
                    ],
                    "excluded_lines": []
                }
            }
        },
        "api/urls.py": {
            "executed_lines": [
                1,
                2,
                3,
                4,
                6,
                7,
                8,
                9,
                10,
                11,
                13
            ],
            "summary": {
                "covered_lines": 11,
                "num_statements": 11,
                "percent_covered": 100.0,
                "percent_covered_display": "100",
                "missing_lines": 0,
                "excluded_lines": 0
            },
            "missing_lines": [],
            "excluded_lines": [],
            "functions": {
                "": {
                    "executed_lines": [
                        1,
                        2,
                        3,
                        4,
                        6,
                        7,
                        8,
                        9,
                        10,
                        11,
                        13
                    ],
                    "summary": {
                        "covered_lines": 11,
                        "num_statements": 11,
                        "percent_covered": 100.0,
                        "percent_covered_display": "100",
                        "missing_lines": 0,
                        "excluded_lines": 0
                    },
                    "missing_lines": [],
                    "excluded_lines": []
                }
            },
            "classes": {
                "": {
                    "executed_lines": [
                        1,
                        2,
                        3,
                        4,
                        6,
                        7,
                        8,
                        9,
                        10,
                        11,
                        13
                    ],
                    "summary": {
                        "covered_lines": 11,
                        "num_statements": 11,
                        "percent_covered": 100.0,
                        "percent_covered_display": "100",
                        "missing_lines": 0,
                        "excluded_lines": 0
                    },
                    "missing_lines": [],
                    "excluded_lines": []
                }
            }
        },
        "api/views.py": {
            "executed_lines": [
                1,
                2,
                3,
                4,
                5,
                6,
                7,
                8,
                9,
                12,
                13,
                56,
                57,
                95,
                96,
                97,
                99,
                119,
                120,
                121,
                123,
                187,
                188,
                189,
                191,
                214,
                215,
                216,
                218,
                228,
                229,
                230
            ],
            "summary": {
                "covered_lines": 32,
                "num_statements": 126,
                "percent_covered": 25.396825396825395,
                "percent_covered_display": "25",
                "missing_lines": 94,
                "excluded_lines": 0
            },
            "missing_lines": [
                22,
                27,
                28,
                29,
                31,
                40,
                41,
                44,
                45,
                47,
                51,
                53,
                65,
                66,
                67,
                69,
                71,
                72,
                73,
                74,
                78,
                85,
                86,
                88,
                100,
                102,
                103,
                104,
                106,
                107,
                108,
                110,
                113,
                114,
                116,
                124,
                126,
                127,
                128,
                130,
                131,
                132,
                134,
                135,
                136,
                139,
                141,
                142,
                145,
                147,
                148,
                151,
                152,
                153,
                155,
                156,
                157,
                159,
                160,
                161,
                164,
                165,
                166,
                168,
                169,
                170,
                172,
                173,
                174,
                176,
                177,
                178,
                180,
                181,
                182,
                184,
                192,
                193,
                195,
                196,
                198,
                199,
                201,
                202,
                204,
                205,
                208,
                209,
                211,
                219,
                221,
                222,
                223,
                225
            ],
            "excluded_lines": [],
            "functions": {
                "CreateOrLoginView.post": {
                    "executed_lines": [],
                    "summary": {
                        "covered_lines": 0,
                        "num_statements": 8,
                        "percent_covered": 0.0,
                        "percent_covered_display": "0",
                        "missing_lines": 8,
                        "excluded_lines": 0
                    },
                    "missing_lines": [
                        22,
                        40,
                        41,
                        44,
                        45,
                        47,
                        51,
                        53
                    ],
                    "excluded_lines": []
                },
                "CreateOrLoginView.post.user_login": {
                    "executed_lines": [],
                    "summary": {
                        "covered_lines": 0,
                        "num_statements": 4,
                        "percent_covered": 0.0,
                        "percent_covered_display": "0",
                        "missing_lines": 4,
                        "excluded_lines": 0
                    },
                    "missing_lines": [
                        27,
                        28,
                        29,
                        31
                    ],
                    "excluded_lines": []
                },
                "CreateUserMetaDataView.post": {
                    "executed_lines": [],
                    "summary": {
                        "covered_lines": 0,
                        "num_statements": 12,
                        "percent_covered": 0.0,
                        "percent_covered_display": "0",
                        "missing_lines": 12,
                        "excluded_lines": 0
                    },
                    "missing_lines": [
                        65,
                        66,
                        67,
                        69,
                        71,
                        72,
                        73,
                        74,
                        78,
                        85,
                        86,
                        88
                    ],
                    "excluded_lines": []
                },
                "UserViewSet.get_queryset": {
                    "executed_lines": [],
                    "summary": {
                        "covered_lines": 0,
                        "num_statements": 11,
                        "percent_covered": 0.0,
                        "percent_covered_display": "0",
                        "missing_lines": 11,
                        "excluded_lines": 0
                    },
                    "missing_lines": [
                        100,
                        102,
                        103,
                        104,
                        106,
                        107,
                        108,
                        110,
                        113,
                        114,
                        116
                    ],
                    "excluded_lines": []
                },
                "UserMetaDataViewSet.get_queryset": {
                    "executed_lines": [],
                    "summary": {
                        "covered_lines": 0,
                        "num_statements": 41,
                        "percent_covered": 0.0,
                        "percent_covered_display": "0",
                        "missing_lines": 41,
                        "excluded_lines": 0
                    },
                    "missing_lines": [
                        124,
                        126,
                        127,
                        128,
                        130,
                        131,
                        132,
                        134,
                        135,
                        136,
                        139,
                        141,
                        142,
                        145,
                        147,
                        148,
                        151,
                        152,
                        153,
                        155,
                        156,
                        157,
                        159,
                        160,
                        161,
                        164,
                        165,
                        166,
                        168,
                        169,
                        170,
                        172,
                        173,
                        174,
                        176,
                        177,
                        178,
                        180,
                        181,
                        182,
                        184
                    ],
                    "excluded_lines": []
                },
                "GameViewSet.get_queryset": {
                    "executed_lines": [],
                    "summary": {
                        "covered_lines": 0,
                        "num_statements": 13,
                        "percent_covered": 0.0,
                        "percent_covered_display": "0",
                        "missing_lines": 13,
                        "excluded_lines": 0
                    },
                    "missing_lines": [
                        192,
                        193,
                        195,
                        196,
                        198,
                        199,
                        201,
                        202,
                        204,
                        205,
                        208,
                        209,
                        211
                    ],
                    "excluded_lines": []
                },
                "ItemViewSet.get_queryset": {
                    "executed_lines": [],
                    "summary": {
                        "covered_lines": 0,
                        "num_statements": 5,
                        "percent_covered": 0.0,
                        "percent_covered_display": "0",
                        "missing_lines": 5,
                        "excluded_lines": 0
                    },
                    "missing_lines": [
                        219,
                        221,
                        222,
                        223,
                        225
                    ],
                    "excluded_lines": []
                },
                "": {
                    "executed_lines": [
                        1,
                        2,
                        3,
                        4,
                        5,
                        6,
                        7,
                        8,
                        9,
                        12,
                        13,
                        56,
                        57,
                        95,
                        96,
                        97,
                        99,
                        119,
                        120,
                        121,
                        123,
                        187,
                        188,
                        189,
                        191,
                        214,
                        215,
                        216,
                        218,
                        228,
                        229,
                        230
                    ],
                    "summary": {
                        "covered_lines": 32,
                        "num_statements": 32,
                        "percent_covered": 100.0,
                        "percent_covered_display": "100",
                        "missing_lines": 0,
                        "excluded_lines": 0
                    },
                    "missing_lines": [],
                    "excluded_lines": []
                }
            },
            "classes": {
                "CreateOrLoginView": {
                    "executed_lines": [],
                    "summary": {
                        "covered_lines": 0,
                        "num_statements": 12,
                        "percent_covered": 0.0,
                        "percent_covered_display": "0",
                        "missing_lines": 12,
                        "excluded_lines": 0
                    },
                    "missing_lines": [
                        22,
                        27,
                        28,
                        29,
                        31,
                        40,
                        41,
                        44,
                        45,
                        47,
                        51,
                        53
                    ],
                    "excluded_lines": []
                },
                "CreateUserMetaDataView": {
                    "executed_lines": [],
                    "summary": {
                        "covered_lines": 0,
                        "num_statements": 12,
                        "percent_covered": 0.0,
                        "percent_covered_display": "0",
                        "missing_lines": 12,
                        "excluded_lines": 0
                    },
                    "missing_lines": [
                        65,
                        66,
                        67,
                        69,
                        71,
                        72,
                        73,
                        74,
                        78,
                        85,
                        86,
                        88
                    ],
                    "excluded_lines": []
                },
                "UserViewSet": {
                    "executed_lines": [],
                    "summary": {
                        "covered_lines": 0,
                        "num_statements": 11,
                        "percent_covered": 0.0,
                        "percent_covered_display": "0",
                        "missing_lines": 11,
                        "excluded_lines": 0
                    },
                    "missing_lines": [
                        100,
                        102,
                        103,
                        104,
                        106,
                        107,
                        108,
                        110,
                        113,
                        114,
                        116
                    ],
                    "excluded_lines": []
                },
                "UserMetaDataViewSet": {
                    "executed_lines": [],
                    "summary": {
                        "covered_lines": 0,
                        "num_statements": 41,
                        "percent_covered": 0.0,
                        "percent_covered_display": "0",
                        "missing_lines": 41,
                        "excluded_lines": 0
                    },
                    "missing_lines": [
                        124,
                        126,
                        127,
                        128,
                        130,
                        131,
                        132,
                        134,
                        135,
                        136,
                        139,
                        141,
                        142,
                        145,
                        147,
                        148,
                        151,
                        152,
                        153,
                        155,
                        156,
                        157,
                        159,
                        160,
                        161,
                        164,
                        165,
                        166,
                        168,
                        169,
                        170,
                        172,
                        173,
                        174,
                        176,
                        177,
                        178,
                        180,
                        181,
                        182,
                        184
                    ],
                    "excluded_lines": []
                },
                "GameViewSet": {
                    "executed_lines": [],
                    "summary": {
                        "covered_lines": 0,
                        "num_statements": 13,
                        "percent_covered": 0.0,
                        "percent_covered_display": "0",
                        "missing_lines": 13,
                        "excluded_lines": 0
                    },
                    "missing_lines": [
                        192,
                        193,
                        195,
                        196,
                        198,
                        199,
                        201,
                        202,
                        204,
                        205,
                        208,
                        209,
                        211
                    ],
                    "excluded_lines": []
                },
                "ItemViewSet": {
                    "executed_lines": [],
                    "summary": {
                        "covered_lines": 0,
                        "num_statements": 5,
                        "percent_covered": 0.0,
                        "percent_covered_display": "0",
                        "missing_lines": 5,
                        "excluded_lines": 0
                    },
                    "missing_lines": [
                        219,
                        221,
                        222,
                        223,
                        225
                    ],
                    "excluded_lines": []
                },
                "SecurityQuestionViewSet": {
                    "executed_lines": [],
                    "summary": {
                        "covered_lines": 0,
                        "num_statements": 0,
                        "percent_covered": 100.0,
                        "percent_covered_display": "100",
                        "missing_lines": 0,
                        "excluded_lines": 0
                    },
                    "missing_lines": [],
                    "excluded_lines": []
                },
                "": {
                    "executed_lines": [
                        1,
                        2,
                        3,
                        4,
                        5,
                        6,
                        7,
                        8,
                        9,
                        12,
                        13,
                        56,
                        57,
                        95,
                        96,
                        97,
                        99,
                        119,
                        120,
                        121,
                        123,
                        187,
                        188,
                        189,
                        191,
                        214,
                        215,
                        216,
                        218,
                        228,
                        229,
                        230
                    ],
                    "summary": {
                        "covered_lines": 32,
                        "num_statements": 32,
                        "percent_covered": 100.0,
                        "percent_covered_display": "100",
                        "missing_lines": 0,
                        "excluded_lines": 0
                    },
                    "missing_lines": [],
                    "excluded_lines": []
                }
            }
        },
        "backend/__init__.py": {
            "executed_lines": [
                0
            ],
            "summary": {
                "covered_lines": 0,
                "num_statements": 0,
                "percent_covered": 100.0,
                "percent_covered_display": "100",
                "missing_lines": 0,
                "excluded_lines": 0
            },
            "missing_lines": [],
            "excluded_lines": [],
            "functions": {
                "": {
                    "executed_lines": [],
                    "summary": {
                        "covered_lines": 0,
                        "num_statements": 0,
                        "percent_covered": 100.0,
                        "percent_covered_display": "100",
                        "missing_lines": 0,
                        "excluded_lines": 0
                    },
                    "missing_lines": [],
                    "excluded_lines": []
                }
            },
            "classes": {
                "": {
                    "executed_lines": [],
                    "summary": {
                        "covered_lines": 0,
                        "num_statements": 0,
                        "percent_covered": 100.0,
                        "percent_covered_display": "100",
                        "missing_lines": 0,
                        "excluded_lines": 0
                    },
                    "missing_lines": [],
                    "excluded_lines": []
                }
            }
        },
        "backend/asgi.py": {
            "executed_lines": [],
            "summary": {
                "covered_lines": 0,
                "num_statements": 10,
                "percent_covered": 0.0,
                "percent_covered_display": "0",
                "missing_lines": 10,
                "excluded_lines": 0
            },
            "missing_lines": [
                10,
                11,
                12,
                13,
                14,
                15,
                16,
                18,
                20,
                22
            ],
            "excluded_lines": [],
            "functions": {
                "": {
                    "executed_lines": [],
                    "summary": {
                        "covered_lines": 0,
                        "num_statements": 10,
                        "percent_covered": 0.0,
                        "percent_covered_display": "0",
                        "missing_lines": 10,
                        "excluded_lines": 0
                    },
                    "missing_lines": [
                        10,
                        11,
                        12,
                        13,
                        14,
                        15,
                        16,
                        18,
                        20,
                        22
                    ],
                    "excluded_lines": []
                }
            },
            "classes": {
                "": {
                    "executed_lines": [],
                    "summary": {
                        "covered_lines": 0,
                        "num_statements": 10,
                        "percent_covered": 0.0,
                        "percent_covered_display": "0",
                        "missing_lines": 10,
                        "excluded_lines": 0
                    },
                    "missing_lines": [
                        10,
                        11,
                        12,
                        13,
                        14,
                        15,
                        16,
                        18,
                        20,
                        22
                    ],
                    "excluded_lines": []
                }
            }
        },
        "backend/settings.py": {
            "executed_lines": [
                1,
                13,
                14,
                17,
                24,
                27,
                29,
                33,
                38,
                45,
                52,
                67,
                78,
                84,
                86,
                91,
                107,
                113,
                124,
                126,
                138,
                157,
                159,
                161,
                163,
                169,
                174
            ],
            "summary": {
                "covered_lines": 26,
                "num_statements": 26,
                "percent_covered": 100.0,
                "percent_covered_display": "100",
                "missing_lines": 0,
                "excluded_lines": 0
            },
            "missing_lines": [],
            "excluded_lines": [],
            "functions": {
                "": {
                    "executed_lines": [
                        1,
                        13,
                        14,
                        17,
                        24,
                        27,
                        29,
                        33,
                        38,
                        45,
                        52,
                        67,
                        78,
                        84,
                        86,
                        91,
                        107,
                        113,
                        124,
                        126,
                        138,
                        157,
                        159,
                        161,
                        163,
                        169,
                        174
                    ],
                    "summary": {
                        "covered_lines": 26,
                        "num_statements": 26,
                        "percent_covered": 100.0,
                        "percent_covered_display": "100",
                        "missing_lines": 0,
                        "excluded_lines": 0
                    },
                    "missing_lines": [],
                    "excluded_lines": []
                }
            },
            "classes": {
                "": {
                    "executed_lines": [
                        1,
                        13,
                        14,
                        17,
                        24,
                        27,
                        29,
                        33,
                        38,
                        45,
                        52,
                        67,
                        78,
                        84,
                        86,
                        91,
                        107,
                        113,
                        124,
                        126,
                        138,
                        157,
                        159,
                        161,
                        163,
                        169,
                        174
                    ],
                    "summary": {
                        "covered_lines": 26,
                        "num_statements": 26,
                        "percent_covered": 100.0,
                        "percent_covered_display": "100",
                        "missing_lines": 0,
                        "excluded_lines": 0
                    },
                    "missing_lines": [],
                    "excluded_lines": []
                }
            }
        },
        "backend/urls.py": {
            "executed_lines": [
                1,
                17,
                18,
                20
            ],
            "summary": {
                "covered_lines": 3,
                "num_statements": 3,
                "percent_covered": 100.0,
                "percent_covered_display": "100",
                "missing_lines": 0,
                "excluded_lines": 0
            },
            "missing_lines": [],
            "excluded_lines": [],
            "functions": {
                "": {
                    "executed_lines": [
                        1,
                        17,
                        18,
                        20
                    ],
                    "summary": {
                        "covered_lines": 3,
                        "num_statements": 3,
                        "percent_covered": 100.0,
                        "percent_covered_display": "100",
                        "missing_lines": 0,
                        "excluded_lines": 0
                    },
                    "missing_lines": [],
                    "excluded_lines": []
                }
            },
            "classes": {
                "": {
                    "executed_lines": [
                        1,
                        17,
                        18,
                        20
                    ],
                    "summary": {
                        "covered_lines": 3,
                        "num_statements": 3,
                        "percent_covered": 100.0,
                        "percent_covered_display": "100",
                        "missing_lines": 0,
                        "excluded_lines": 0
                    },
                    "missing_lines": [],
                    "excluded_lines": []
                }
            }
        },
        "backend/views.py": {
            "executed_lines": [],
            "summary": {
                "covered_lines": 0,
                "num_statements": 0,
                "percent_covered": 100.0,
                "percent_covered_display": "100",
                "missing_lines": 0,
                "excluded_lines": 0
            },
            "missing_lines": [],
            "excluded_lines": [],
            "functions": {
                "": {
                    "executed_lines": [],
                    "summary": {
                        "covered_lines": 0,
                        "num_statements": 0,
                        "percent_covered": 100.0,
                        "percent_covered_display": "100",
                        "missing_lines": 0,
                        "excluded_lines": 0
                    },
                    "missing_lines": [],
                    "excluded_lines": []
                }
            },
            "classes": {
                "": {
                    "executed_lines": [],
                    "summary": {
                        "covered_lines": 0,
                        "num_statements": 0,
                        "percent_covered": 100.0,
                        "percent_covered_display": "100",
                        "missing_lines": 0,
                        "excluded_lines": 0
                    },
                    "missing_lines": [],
                    "excluded_lines": []
                }
            }
        },
        "backend/wsgi.py": {
            "executed_lines": [],
            "summary": {
                "covered_lines": 0,
                "num_statements": 4,
                "percent_covered": 0.0,
                "percent_covered_display": "0",
                "missing_lines": 4,
                "excluded_lines": 0
            },
            "missing_lines": [
                10,
                12,
                14,
                16
            ],
            "excluded_lines": [],
            "functions": {
                "": {
                    "executed_lines": [],
                    "summary": {
                        "covered_lines": 0,
                        "num_statements": 4,
                        "percent_covered": 0.0,
                        "percent_covered_display": "0",
                        "missing_lines": 4,
                        "excluded_lines": 0
                    },
                    "missing_lines": [
                        10,
                        12,
                        14,
                        16
                    ],
                    "excluded_lines": []
                }
            },
            "classes": {
                "": {
                    "executed_lines": [],
                    "summary": {
                        "covered_lines": 0,
                        "num_statements": 4,
                        "percent_covered": 0.0,
                        "percent_covered_display": "0",
                        "missing_lines": 4,
                        "excluded_lines": 0
                    },
                    "missing_lines": [
                        10,
                        12,
                        14,
                        16
                    ],
                    "excluded_lines": []
                }
            }
        },
        "init-sample-data.py": {
            "executed_lines": [],
            "summary": {
                "covered_lines": 0,
                "num_statements": 7,
                "percent_covered": 0.0,
                "percent_covered_display": "0",
                "missing_lines": 7,
                "excluded_lines": 0
            },
            "missing_lines": [
                1,
                3,
                4,
                11,
                12,
                14,
                15
            ],
            "excluded_lines": [],
            "functions": {
                "run_shell_script": {
                    "executed_lines": [],
                    "summary": {
                        "covered_lines": 0,
                        "num_statements": 3,
                        "percent_covered": 0.0,
                        "percent_covered_display": "0",
                        "missing_lines": 3,
                        "excluded_lines": 0
                    },
                    "missing_lines": [
                        4,
                        11,
                        12
                    ],
                    "excluded_lines": []
                },
                "": {
                    "executed_lines": [],
                    "summary": {
                        "covered_lines": 0,
                        "num_statements": 4,
                        "percent_covered": 0.0,
                        "percent_covered_display": "0",
                        "missing_lines": 4,
                        "excluded_lines": 0
                    },
                    "missing_lines": [
                        1,
                        3,
                        14,
                        15
                    ],
                    "excluded_lines": []
                }
            },
            "classes": {
                "": {
                    "executed_lines": [],
                    "summary": {
                        "covered_lines": 0,
                        "num_statements": 7,
                        "percent_covered": 0.0,
                        "percent_covered_display": "0",
                        "missing_lines": 7,
                        "excluded_lines": 0
                    },
                    "missing_lines": [
                        1,
                        3,
                        4,
                        11,
                        12,
                        14,
                        15
                    ],
                    "excluded_lines": []
                }
            }
        },
        "manage.py": {
            "executed_lines": [
                2,
                3,
                4,
                7,
                9,
                10,
                11,
                18,
                21,
                22
            ],
            "summary": {
                "covered_lines": 9,
                "num_statements": 11,
                "percent_covered": 81.81818181818181,
                "percent_covered_display": "82",
                "missing_lines": 2,
                "excluded_lines": 0
            },
            "missing_lines": [
                12,
                13
            ],
            "excluded_lines": [],
            "functions": {
                "main": {
                    "executed_lines": [
                        9,
                        10,
                        11,
                        18
                    ],
                    "summary": {
                        "covered_lines": 4,
                        "num_statements": 6,
                        "percent_covered": 66.66666666666667,
                        "percent_covered_display": "67",
                        "missing_lines": 2,
                        "excluded_lines": 0
                    },
                    "missing_lines": [
                        12,
                        13
                    ],
                    "excluded_lines": []
                },
                "": {
                    "executed_lines": [
                        2,
                        3,
                        4,
                        7,
                        21,
                        22
                    ],
                    "summary": {
                        "covered_lines": 5,
                        "num_statements": 5,
                        "percent_covered": 100.0,
                        "percent_covered_display": "100",
                        "missing_lines": 0,
                        "excluded_lines": 0
                    },
                    "missing_lines": [],
                    "excluded_lines": []
                }
            },
            "classes": {
                "": {
                    "executed_lines": [
                        2,
                        3,
                        4,
                        7,
                        9,
                        10,
                        11,
                        18,
                        21,
                        22
                    ],
                    "summary": {
                        "covered_lines": 9,
                        "num_statements": 11,
                        "percent_covered": 81.81818181818181,
                        "percent_covered_display": "82",
                        "missing_lines": 2,
                        "excluded_lines": 0
                    },
                    "missing_lines": [
                        12,
                        13
                    ],
                    "excluded_lines": []
                }
            }
        }
    },
    "totals": {
        "covered_lines": 156,
        "num_statements": 351,
        "percent_covered": 44.44444444444444,
        "percent_covered_display": "44",
        "missing_lines": 195,
        "excluded_lines": 0
    }
}